(.venv) jkropp@JKROPP-M11:~/automatic-data-extractor$ ade start
🚀 Starting ADE backend on http://0.0.0.0:8000
↪️  /home/jkropp/automatic-data-extractor/.venv/bin/uvicorn ade_api.main:create_app --factory --host 0.0.0.0 --port 8000
2025-11-27T22:18:43.895Z INFO  ade_api.main [cid=-] ade_api.startup logging_level=DEBUG safe_mode=False auth_disabled=True debug=False version=0.2.0
2025-11-27T22:18:43.895Z WARNING ade_api.main [cid=-] auth.disabled auth_disabled=True
2025-11-27T22:18:44.036Z INFO  ade_api.main [cid=-] ade_api.startup logging_level=DEBUG safe_mode=False auth_disabled=True debug=False version=0.2.0
2025-11-27T22:18:44.036Z WARNING ade_api.main [cid=-] auth.disabled auth_disabled=True
2025-11-27T22:18:44.176Z INFO  uvicorn.error [cid=-] Started server process [63871]
2025-11-27T22:18:44.176Z INFO  uvicorn.error [cid=-] Waiting for application startup.
2025-11-27T22:18:45.483Z INFO  alembic.runtime.migration [cid=-] Context impl MSSQLImpl.
2025-11-27T22:18:45.483Z INFO  alembic.runtime.migration [cid=-] Will assume transactional DDL.
2025-11-27T22:18:45.748Z INFO  ade_api.features.roles.service [cid=-] roles.registry.sync.start
2025-11-27T22:18:47.762Z INFO  ade_api.features.roles.service [cid=-] roles.registry.sync.success permission_count=22 system_role_count=4
2025-11-27T22:18:47.834Z INFO  uvicorn.error [cid=-] Application startup complete.
2025-11-27T22:18:47.837Z INFO  uvicorn.error [cid=-] Uvicorn running on http://0.0.0.0:8000 (Press CTRL+C to quit)
2025-11-27T22:19:04.187Z DEBUG ade_api.features.auth.service [cid=937d917a-d852-45fa-b1f3-80dce4941b57] auth.dev_identity.ensure.start user_email=developer@example.test display_name=Development User
2025-11-27T22:19:05.053Z DEBUG ade_api.features.roles.service [cid=937d917a-d852-45fa-b1f3-80dce4941b57] roles.global.get_by_slug.start slug=global-administrator
2025-11-27T22:19:05.126Z DEBUG ade_api.features.roles.service [cid=937d917a-d852-45fa-b1f3-80dce4941b57] roles.global.get_by_slug.completed slug=global-administrator found=True
2025-11-27T22:19:05.194Z DEBUG ade_api.features.roles.service [cid=937d917a-d852-45fa-b1f3-80dce4941b57] roles.assignments.assign_global.start user_id=01KB3PAN065656CT9G01WM9DE8 role_id=01KB3P9G0WG2PNEJSSGTG16S09
2025-11-27T22:19:05.194Z DEBUG ade_api.features.roles.service [cid=937d917a-d852-45fa-b1f3-80dce4941b57] roles.principal.ensure.cached user_id=01KB3PAN065656CT9G01WM9DE8 principal_id=01KB3PAP03C0C2QM3KNXK08ZGT
2025-11-27T22:19:05.194Z DEBUG ade_api.features.roles.service [cid=937d917a-d852-45fa-b1f3-80dce4941b57] roles.assignments.assign.start principal_id=01KB3PAP03C0C2QM3KNXK08ZGT role_id=01KB3P9G0WG2PNEJSSGTG16S09 scope_type=global scope_id=null
2025-11-27T22:19:05.324Z DEBUG ade_api.features.roles.service [cid=937d917a-d852-45fa-b1f3-80dce4941b57] roles.assignments.assign.already_exists assignment_id=01KB3PAPGTKQ1XM0KYGJRFXM5N principal_id=01KB3PAP03C0C2QM3KNXK08ZGT role_id=01KB3P9G0WG2PNEJSSGTG16S09 scope_type=global scope_id=null
2025-11-27T22:19:05.324Z INFO  ade_api.features.roles.service [cid=937d917a-d852-45fa-b1f3-80dce4941b57] roles.assignments.assign_global.success user_id=01KB3PAN065656CT9G01WM9DE8 assignment_id=01KB3PAPGTKQ1XM0KYGJRFXM5N principal_id=01KB3PAP03C0C2QM3KNXK08ZGT role_id=01KB3P9G0WG2PNEJSSGTG16S09
2025-11-27T22:19:05.324Z DEBUG ade_api.features.roles.service [cid=937d917a-d852-45fa-b1f3-80dce4941b57] roles.principal.ensure.cached user_id=01KB3PAN065656CT9G01WM9DE8 principal_id=01KB3PAP03C0C2QM3KNXK08ZGT
2025-11-27T22:19:05.324Z INFO  ade_api.features.auth.service [cid=937d917a-d852-45fa-b1f3-80dce4941b57] auth.dev_identity.ensure.success user_id=01KB3PAN065656CT9G01WM9DE8 user_email=developer@example.test user_created=False is_service_account=False
2025-11-27T22:19:05.327Z DEBUG ade_api.features.users.service [cid=937d917a-d852-45fa-b1f3-80dce4941b57] users.list.start page=1 page_size=50 include_total=False order_by=(<sqlalchemy.sql.elements.UnaryExpression object at 0x7710e0f64860>, <sqlalchemy.sql.elements.UnaryExpression object at 0x7710e0f67d40>)
2025-11-27T22:19:06.119Z DEBUG ade_api.features.users.service [cid=937d917a-d852-45fa-b1f3-80dce4941b57] user.profile.build user_id=01KB3PAN065656CT9G01WM9DE8
2025-11-27T22:19:06.508Z DEBUG ade_api.features.roles.service [cid=937d917a-d852-45fa-b1f3-80dce4941b57] roles.permissions.global.for_principal.start user_id=01KB3PAN065656CT9G01WM9DE8 principal_id=01KB3PAP03C0C2QM3KNXK08ZGT
2025-11-27T22:19:06.574Z DEBUG ade_api.features.roles.service [cid=937d917a-d852-45fa-b1f3-80dce4941b57] roles.permissions.global.for_principal.success user_id=01KB3PAN065656CT9G01WM9DE8 principal_id=01KB3PAP03C0C2QM3KNXK08ZGT permission_count=9
2025-11-27T22:19:07.026Z DEBUG ade_api.features.roles.service [cid=937d917a-d852-45fa-b1f3-80dce4941b57] roles.global_slugs.for_user.start user_id=01KB3PAN065656CT9G01WM9DE8 principal_id=01KB3PAP03C0C2QM3KNXK08ZGT
2025-11-27T22:19:07.092Z DEBUG ade_api.features.roles.service [cid=937d917a-d852-45fa-b1f3-80dce4941b57] roles.global_slugs.for_user.completed user_id=01KB3PAN065656CT9G01WM9DE8 principal_id=01KB3PAP03C0C2QM3KNXK08ZGT role_count=1
2025-11-27T22:19:07.158Z INFO  ade_api.features.users.service [cid=937d917a-d852-45fa-b1f3-80dce4941b57] users.list.success page=1 page_size=50 count=1 total=null
2025-11-27T22:19:07.231Z INFO  ade_api.request [cid=937d917a-d852-45fa-b1f3-80dce4941b57] request.complete path=/api/v1/users method=GET duration_ms=3046.22 status_code=200
2025-11-27T22:19:07.232Z INFO  uvicorn.access [cid=-] 127.0.0.1:55592 - "GET /api/v1/users?page=1&page_size=50 HTTP/1.1" 200
2025-11-27T22:19:19.441Z DEBUG ade_api.features.auth.service [cid=56ac74ba-2347-4864-a7ce-99362989f68a] auth.dev_identity.ensure.start user_email=developer@example.test display_name=Development User
2025-11-27T22:19:20.268Z DEBUG ade_api.features.roles.service [cid=56ac74ba-2347-4864-a7ce-99362989f68a] roles.global.get_by_slug.start slug=global-administrator
2025-11-27T22:19:20.330Z DEBUG ade_api.features.roles.service [cid=56ac74ba-2347-4864-a7ce-99362989f68a] roles.global.get_by_slug.completed slug=global-administrator found=True
2025-11-27T22:19:20.390Z DEBUG ade_api.features.roles.service [cid=56ac74ba-2347-4864-a7ce-99362989f68a] roles.assignments.assign_global.start user_id=01KB3PAN065656CT9G01WM9DE8 role_id=01KB3P9G0WG2PNEJSSGTG16S09
2025-11-27T22:19:20.390Z DEBUG ade_api.features.roles.service [cid=56ac74ba-2347-4864-a7ce-99362989f68a] roles.principal.ensure.cached user_id=01KB3PAN065656CT9G01WM9DE8 principal_id=01KB3PAP03C0C2QM3KNXK08ZGT
2025-11-27T22:19:20.390Z DEBUG ade_api.features.roles.service [cid=56ac74ba-2347-4864-a7ce-99362989f68a] roles.assignments.assign.start principal_id=01KB3PAP03C0C2QM3KNXK08ZGT role_id=01KB3P9G0WG2PNEJSSGTG16S09 scope_type=global scope_id=null
2025-11-27T22:19:20.510Z DEBUG ade_api.features.roles.service [cid=56ac74ba-2347-4864-a7ce-99362989f68a] roles.assignments.assign.already_exists assignment_id=01KB3PAPGTKQ1XM0KYGJRFXM5N principal_id=01KB3PAP03C0C2QM3KNXK08ZGT role_id=01KB3P9G0WG2PNEJSSGTG16S09 scope_type=global scope_id=null
2025-11-27T22:19:20.511Z INFO  ade_api.features.roles.service [cid=56ac74ba-2347-4864-a7ce-99362989f68a] roles.assignments.assign_global.success user_id=01KB3PAN065656CT9G01WM9DE8 assignment_id=01KB3PAPGTKQ1XM0KYGJRFXM5N principal_id=01KB3PAP03C0C2QM3KNXK08ZGT role_id=01KB3P9G0WG2PNEJSSGTG16S09
2025-11-27T22:19:20.511Z DEBUG ade_api.features.roles.service [cid=56ac74ba-2347-4864-a7ce-99362989f68a] roles.principal.ensure.cached user_id=01KB3PAN065656CT9G01WM9DE8 principal_id=01KB3PAP03C0C2QM3KNXK08ZGT
2025-11-27T22:19:20.511Z INFO  ade_api.features.auth.service [cid=56ac74ba-2347-4864-a7ce-99362989f68a] auth.dev_identity.ensure.success user_id=01KB3PAN065656CT9G01WM9DE8 user_email=developer@example.test user_created=False is_service_account=False
2025-11-27T22:19:20.511Z DEBUG ade_api.features.workspaces.service [cid=56ac74ba-2347-4864-a7ce-99362989f68a] workspace.create.start user_id=01KB3PAN065656CT9G01WM9DE8 requested_slug=dart-workspace owner_user_id=01KB3PAN065656CT9G01WM9DE8
2025-11-27T22:19:22.163Z DEBUG ade_api.features.workspaces.service [cid=56ac74ba-2347-4864-a7ce-99362989f68a] workspace.roles.assignments.sync workspace_id=01KB3PCJ608XP61TSQX5PREX1G user_id=01KB3PAN065656CT9G01WM9DE8 principal_id=01KB3PAP03C0C2QM3KNXK08ZGT additions=1 removals=0
2025-11-27T22:19:22.163Z DEBUG ade_api.features.roles.service [cid=56ac74ba-2347-4864-a7ce-99362989f68a] roles.assignments.assign.start principal_id=01KB3PAP03C0C2QM3KNXK08ZGT role_id=01KB3P9GT82JFAVC625RK1BBQS scope_type=workspace scope_id=01KB3PCJ608XP61TSQX5PREX1G
2025-11-27T22:19:22.691Z INFO  ade_api.features.roles.service [cid=56ac74ba-2347-4864-a7ce-99362989f68a] roles.assignments.assign.created assignment_id=01KB3PCKY0RN0BAB75VTNY2343 principal_id=01KB3PAP03C0C2QM3KNXK08ZGT role_id=01KB3P9GT82JFAVC625RK1BBQS scope_type=workspace scope_id=01KB3PCJ608XP61TSQX5PREX1G
2025-11-27T22:19:23.945Z INFO  ade_api.features.workspaces.service [cid=56ac74ba-2347-4864-a7ce-99362989f68a] workspace.create.success workspace_id=01KB3PCJ608XP61TSQX5PREX1G user_id=01KB3PAN065656CT9G01WM9DE8 slug=dart-workspace owner_user_id=01KB3PAN065656CT9G01WM9DE8
2025-11-27T22:19:24.016Z INFO  ade_api.request [cid=56ac74ba-2347-4864-a7ce-99362989f68a] request.complete path=/api/v1/workspaces method=POST duration_ms=4575.02 status_code=201
2025-11-27T22:19:24.016Z INFO  uvicorn.access [cid=-] 127.0.0.1:55604 - "POST /api/v1/workspaces HTTP/1.1" 201
2025-11-27T22:19:24.035Z DEBUG ade_api.features.auth.service [cid=bbaf1fe5-3f44-4604-8386-8b86c52eca70] auth.dev_identity.ensure.start user_email=developer@example.test display_name=Development User
2025-11-27T22:19:24.389Z DEBUG ade_api.features.auth.service [cid=c00659a5-764c-4897-b480-09cb2de065e8] auth.dev_identity.ensure.start user_email=developer@example.test display_name=Development User
2025-11-27T22:19:24.460Z DEBUG ade_api.features.auth.service [cid=a469f9cb-5df6-4f43-9420-60e6ad752352] auth.dev_identity.ensure.start user_email=developer@example.test display_name=Development User
2025-11-27T22:19:24.460Z DEBUG ade_api.features.auth.service [cid=de999943-029d-4426-909c-cef0bd4dd70e] auth.dev_identity.ensure.start user_email=developer@example.test display_name=Development User
2025-11-27T22:19:24.462Z DEBUG ade_api.features.auth.service [cid=8900af7d-3f02-4c9e-af19-bea12191142a] auth.dev_identity.ensure.start user_email=developer@example.test display_name=Development User
2025-11-27T22:19:24.929Z DEBUG ade_api.features.roles.service [cid=bbaf1fe5-3f44-4604-8386-8b86c52eca70] roles.global.get_by_slug.start slug=global-administrator
2025-11-27T22:19:24.999Z DEBUG ade_api.features.roles.service [cid=bbaf1fe5-3f44-4604-8386-8b86c52eca70] roles.global.get_by_slug.completed slug=global-administrator found=True
2025-11-27T22:19:25.061Z DEBUG ade_api.features.roles.service [cid=bbaf1fe5-3f44-4604-8386-8b86c52eca70] roles.assignments.assign_global.start user_id=01KB3PAN065656CT9G01WM9DE8 role_id=01KB3P9G0WG2PNEJSSGTG16S09
2025-11-27T22:19:25.061Z DEBUG ade_api.features.roles.service [cid=bbaf1fe5-3f44-4604-8386-8b86c52eca70] roles.principal.ensure.cached user_id=01KB3PAN065656CT9G01WM9DE8 principal_id=01KB3PAP03C0C2QM3KNXK08ZGT
2025-11-27T22:19:25.061Z DEBUG ade_api.features.roles.service [cid=bbaf1fe5-3f44-4604-8386-8b86c52eca70] roles.assignments.assign.start principal_id=01KB3PAP03C0C2QM3KNXK08ZGT role_id=01KB3P9G0WG2PNEJSSGTG16S09 scope_type=global scope_id=null
2025-11-27T22:19:25.317Z DEBUG ade_api.features.roles.service [cid=bbaf1fe5-3f44-4604-8386-8b86c52eca70] roles.assignments.assign.already_exists assignment_id=01KB3PAPGTKQ1XM0KYGJRFXM5N principal_id=01KB3PAP03C0C2QM3KNXK08ZGT role_id=01KB3P9G0WG2PNEJSSGTG16S09 scope_type=global scope_id=null
2025-11-27T22:19:25.318Z INFO  ade_api.features.roles.service [cid=bbaf1fe5-3f44-4604-8386-8b86c52eca70] roles.assignments.assign_global.success user_id=01KB3PAN065656CT9G01WM9DE8 assignment_id=01KB3PAPGTKQ1XM0KYGJRFXM5N principal_id=01KB3PAP03C0C2QM3KNXK08ZGT role_id=01KB3P9G0WG2PNEJSSGTG16S09
2025-11-27T22:19:25.318Z DEBUG ade_api.features.roles.service [cid=bbaf1fe5-3f44-4604-8386-8b86c52eca70] roles.principal.ensure.cached user_id=01KB3PAN065656CT9G01WM9DE8 principal_id=01KB3PAP03C0C2QM3KNXK08ZGT
2025-11-27T22:19:25.318Z INFO  ade_api.features.auth.service [cid=bbaf1fe5-3f44-4604-8386-8b86c52eca70] auth.dev_identity.ensure.success user_id=01KB3PAN065656CT9G01WM9DE8 user_email=developer@example.test user_created=False is_service_account=False
2025-11-27T22:19:25.319Z DEBUG ade_api.features.workspaces.service [cid=bbaf1fe5-3f44-4604-8386-8b86c52eca70] workspace.memberships.list.start user_id=01KB3PAN065656CT9G01WM9DE8
2025-11-27T22:19:26.253Z DEBUG ade_api.features.roles.service [cid=c00659a5-764c-4897-b480-09cb2de065e8] roles.global.get_by_slug.start slug=global-administrator
2025-11-27T22:19:26.378Z DEBUG ade_api.features.roles.service [cid=8900af7d-3f02-4c9e-af19-bea12191142a] roles.global.get_by_slug.start slug=global-administrator
2025-11-27T22:19:26.512Z DEBUG ade_api.features.roles.service [cid=bbaf1fe5-3f44-4604-8386-8b86c52eca70] roles.permissions.global.for_principal.start user_id=01KB3PAN065656CT9G01WM9DE8 principal_id=01KB3PAP03C0C2QM3KNXK08ZGT
2025-11-27T22:19:26.637Z DEBUG ade_api.features.roles.service [cid=a469f9cb-5df6-4f43-9420-60e6ad752352] roles.global.get_by_slug.start slug=global-administrator
2025-11-27T22:19:26.702Z DEBUG ade_api.features.roles.service [cid=bbaf1fe5-3f44-4604-8386-8b86c52eca70] roles.permissions.global.for_principal.success user_id=01KB3PAN065656CT9G01WM9DE8 principal_id=01KB3PAP03C0C2QM3KNXK08ZGT permission_count=9
2025-11-27T22:19:26.765Z DEBUG ade_api.features.roles.service [cid=8900af7d-3f02-4c9e-af19-bea12191142a] roles.global.get_by_slug.completed slug=global-administrator found=True
2025-11-27T22:19:26.828Z DEBUG ade_api.features.roles.service [cid=8900af7d-3f02-4c9e-af19-bea12191142a] roles.assignments.assign_global.start user_id=01KB3PAN065656CT9G01WM9DE8 role_id=01KB3P9G0WG2PNEJSSGTG16S09
2025-11-27T22:19:26.828Z DEBUG ade_api.features.roles.service [cid=8900af7d-3f02-4c9e-af19-bea12191142a] roles.principal.ensure.cached user_id=01KB3PAN065656CT9G01WM9DE8 principal_id=01KB3PAP03C0C2QM3KNXK08ZGT
2025-11-27T22:19:26.828Z DEBUG ade_api.features.roles.service [cid=8900af7d-3f02-4c9e-af19-bea12191142a] roles.assignments.assign.start principal_id=01KB3PAP03C0C2QM3KNXK08ZGT role_id=01KB3P9G0WG2PNEJSSGTG16S09 scope_type=global scope_id=null
2025-11-27T22:19:26.829Z DEBUG ade_api.features.roles.service [cid=c00659a5-764c-4897-b480-09cb2de065e8] roles.global.get_by_slug.completed slug=global-administrator found=True
2025-11-27T22:19:26.890Z DEBUG ade_api.features.roles.service [cid=c00659a5-764c-4897-b480-09cb2de065e8] roles.assignments.assign_global.start user_id=01KB3PAN065656CT9G01WM9DE8 role_id=01KB3P9G0WG2PNEJSSGTG16S09
2025-11-27T22:19:26.890Z DEBUG ade_api.features.roles.service [cid=c00659a5-764c-4897-b480-09cb2de065e8] roles.principal.ensure.cached user_id=01KB3PAN065656CT9G01WM9DE8 principal_id=01KB3PAP03C0C2QM3KNXK08ZGT
2025-11-27T22:19:26.891Z DEBUG ade_api.features.roles.service [cid=c00659a5-764c-4897-b480-09cb2de065e8] roles.assignments.assign.start principal_id=01KB3PAP03C0C2QM3KNXK08ZGT role_id=01KB3P9G0WG2PNEJSSGTG16S09 scope_type=global scope_id=null
2025-11-27T22:19:27.023Z DEBUG ade_api.features.roles.service [cid=de999943-029d-4426-909c-cef0bd4dd70e] roles.global.get_by_slug.start slug=global-administrator
2025-11-27T22:19:27.024Z DEBUG ade_api.features.roles.service [cid=a469f9cb-5df6-4f43-9420-60e6ad752352] roles.global.get_by_slug.completed slug=global-administrator found=True
2025-11-27T22:19:27.090Z DEBUG ade_api.features.roles.service [cid=a469f9cb-5df6-4f43-9420-60e6ad752352] roles.assignments.assign_global.start user_id=01KB3PAN065656CT9G01WM9DE8 role_id=01KB3P9G0WG2PNEJSSGTG16S09
2025-11-27T22:19:27.090Z DEBUG ade_api.features.roles.service [cid=a469f9cb-5df6-4f43-9420-60e6ad752352] roles.principal.ensure.cached user_id=01KB3PAN065656CT9G01WM9DE8 principal_id=01KB3PAP03C0C2QM3KNXK08ZGT
2025-11-27T22:19:27.090Z DEBUG ade_api.features.roles.service [cid=a469f9cb-5df6-4f43-9420-60e6ad752352] roles.assignments.assign.start principal_id=01KB3PAP03C0C2QM3KNXK08ZGT role_id=01KB3P9G0WG2PNEJSSGTG16S09 scope_type=global scope_id=null
2025-11-27T22:19:27.158Z DEBUG ade_api.features.roles.service [cid=c00659a5-764c-4897-b480-09cb2de065e8] roles.assignments.assign.already_exists assignment_id=01KB3PAPGTKQ1XM0KYGJRFXM5N principal_id=01KB3PAP03C0C2QM3KNXK08ZGT role_id=01KB3P9G0WG2PNEJSSGTG16S09 scope_type=global scope_id=null
2025-11-27T22:19:27.158Z INFO  ade_api.features.roles.service [cid=c00659a5-764c-4897-b480-09cb2de065e8] roles.assignments.assign_global.success user_id=01KB3PAN065656CT9G01WM9DE8 assignment_id=01KB3PAPGTKQ1XM0KYGJRFXM5N principal_id=01KB3PAP03C0C2QM3KNXK08ZGT role_id=01KB3P9G0WG2PNEJSSGTG16S09
2025-11-27T22:19:27.158Z DEBUG ade_api.features.roles.service [cid=c00659a5-764c-4897-b480-09cb2de065e8] roles.principal.ensure.cached user_id=01KB3PAN065656CT9G01WM9DE8 principal_id=01KB3PAP03C0C2QM3KNXK08ZGT
2025-11-27T22:19:27.158Z INFO  ade_api.features.auth.service [cid=c00659a5-764c-4897-b480-09cb2de065e8] auth.dev_identity.ensure.success user_id=01KB3PAN065656CT9G01WM9DE8 user_email=developer@example.test user_created=False is_service_account=False
2025-11-27T22:19:27.159Z INFO  ade_api.features.workspaces.service [cid=bbaf1fe5-3f44-4604-8386-8b86c52eca70] workspace.memberships.list.global_admin_success user_id=01KB3PAN065656CT9G01WM9DE8 count=1
2025-11-27T22:19:27.249Z DEBUG ade_api.features.roles.service [cid=8900af7d-3f02-4c9e-af19-bea12191142a] roles.assignments.assign.already_exists assignment_id=01KB3PAPGTKQ1XM0KYGJRFXM5N principal_id=01KB3PAP03C0C2QM3KNXK08ZGT role_id=01KB3P9G0WG2PNEJSSGTG16S09 scope_type=global scope_id=null
2025-11-27T22:19:27.249Z INFO  ade_api.features.roles.service [cid=8900af7d-3f02-4c9e-af19-bea12191142a] roles.assignments.assign_global.success user_id=01KB3PAN065656CT9G01WM9DE8 assignment_id=01KB3PAPGTKQ1XM0KYGJRFXM5N principal_id=01KB3PAP03C0C2QM3KNXK08ZGT role_id=01KB3P9G0WG2PNEJSSGTG16S09
2025-11-27T22:19:27.249Z DEBUG ade_api.features.roles.service [cid=8900af7d-3f02-4c9e-af19-bea12191142a] roles.principal.ensure.cached user_id=01KB3PAN065656CT9G01WM9DE8 principal_id=01KB3PAP03C0C2QM3KNXK08ZGT
2025-11-27T22:19:27.249Z INFO  ade_api.features.auth.service [cid=8900af7d-3f02-4c9e-af19-bea12191142a] auth.dev_identity.ensure.success user_id=01KB3PAN065656CT9G01WM9DE8 user_email=developer@example.test user_created=False is_service_account=False
2025-11-27T22:19:27.249Z DEBUG ade_api.features.users.service [cid=8900af7d-3f02-4c9e-af19-bea12191142a] user.profile.get.start user_id=01KB3PAN065656CT9G01WM9DE8
2025-11-27T22:19:27.249Z DEBUG ade_api.features.users.service [cid=8900af7d-3f02-4c9e-af19-bea12191142a] user.profile.build user_id=01KB3PAN065656CT9G01WM9DE8
2025-11-27T22:19:27.250Z DEBUG ade_api.features.system_settings.service [cid=c00659a5-764c-4897-b480-09cb2de065e8] safe_mode.get_status.start
2025-11-27T22:19:27.250Z DEBUG ade_api.features.system_settings.service [cid=c00659a5-764c-4897-b480-09cb2de065e8] system_settings.get.start setting_key=safe-mode
2025-11-27T22:19:27.311Z DEBUG ade_api.features.roles.service [cid=a469f9cb-5df6-4f43-9420-60e6ad752352] roles.assignments.assign.already_exists assignment_id=01KB3PAPGTKQ1XM0KYGJRFXM5N principal_id=01KB3PAP03C0C2QM3KNXK08ZGT role_id=01KB3P9G0WG2PNEJSSGTG16S09 scope_type=global scope_id=null
2025-11-27T22:19:27.311Z INFO  ade_api.features.roles.service [cid=a469f9cb-5df6-4f43-9420-60e6ad752352] roles.assignments.assign_global.success user_id=01KB3PAN065656CT9G01WM9DE8 assignment_id=01KB3PAPGTKQ1XM0KYGJRFXM5N principal_id=01KB3PAP03C0C2QM3KNXK08ZGT role_id=01KB3P9G0WG2PNEJSSGTG16S09
2025-11-27T22:19:27.311Z DEBUG ade_api.features.roles.service [cid=a469f9cb-5df6-4f43-9420-60e6ad752352] roles.principal.ensure.cached user_id=01KB3PAN065656CT9G01WM9DE8 principal_id=01KB3PAP03C0C2QM3KNXK08ZGT
2025-11-27T22:19:27.311Z INFO  ade_api.features.auth.service [cid=a469f9cb-5df6-4f43-9420-60e6ad752352] auth.dev_identity.ensure.success user_id=01KB3PAN065656CT9G01WM9DE8 user_email=developer@example.test user_created=False is_service_account=False
2025-11-27T22:19:27.312Z INFO  ade_api.request [cid=bbaf1fe5-3f44-4604-8386-8b86c52eca70] request.complete path=/api/v1/workspaces method=GET duration_ms=3276.9 status_code=200
2025-11-27T22:19:27.312Z DEBUG ade_api.features.roles.service [cid=de999943-029d-4426-909c-cef0bd4dd70e] roles.global.get_by_slug.completed slug=global-administrator found=True
2025-11-27T22:19:27.380Z DEBUG ade_api.features.roles.service [cid=de999943-029d-4426-909c-cef0bd4dd70e] roles.assignments.assign_global.start user_id=01KB3PAN065656CT9G01WM9DE8 role_id=01KB3P9G0WG2PNEJSSGTG16S09
2025-11-27T22:19:27.380Z DEBUG ade_api.features.roles.service [cid=de999943-029d-4426-909c-cef0bd4dd70e] roles.principal.ensure.cached user_id=01KB3PAN065656CT9G01WM9DE8 principal_id=01KB3PAP03C0C2QM3KNXK08ZGT
2025-11-27T22:19:27.380Z DEBUG ade_api.features.roles.service [cid=de999943-029d-4426-909c-cef0bd4dd70e] roles.assignments.assign.start principal_id=01KB3PAP03C0C2QM3KNXK08ZGT role_id=01KB3P9G0WG2PNEJSSGTG16S09 scope_type=global scope_id=null
2025-11-27T22:19:27.382Z DEBUG ade_api.features.workspaces.service [cid=a469f9cb-5df6-4f43-9420-60e6ad752352] workspace.memberships.list.start user_id=01KB3PAN065656CT9G01WM9DE8
2025-11-27T22:19:27.444Z DEBUG ade_api.features.system_settings.service [cid=c00659a5-764c-4897-b480-09cb2de065e8] system_settings.get.result setting_key=safe-mode found=False
2025-11-27T22:19:27.444Z INFO  ade_api.features.system_settings.service [cid=c00659a5-764c-4897-b480-09cb2de065e8] safe_mode.get_status.result safe_mode_enabled=False persisted_overridden=False
2025-11-27T22:19:27.514Z DEBUG ade_api.features.roles.service [cid=de999943-029d-4426-909c-cef0bd4dd70e] roles.assignments.assign.already_exists assignment_id=01KB3PAPGTKQ1XM0KYGJRFXM5N principal_id=01KB3PAP03C0C2QM3KNXK08ZGT role_id=01KB3P9G0WG2PNEJSSGTG16S09 scope_type=global scope_id=null
2025-11-27T22:19:27.514Z INFO  ade_api.features.roles.service [cid=de999943-029d-4426-909c-cef0bd4dd70e] roles.assignments.assign_global.success user_id=01KB3PAN065656CT9G01WM9DE8 assignment_id=01KB3PAPGTKQ1XM0KYGJRFXM5N principal_id=01KB3PAP03C0C2QM3KNXK08ZGT role_id=01KB3P9G0WG2PNEJSSGTG16S09
2025-11-27T22:19:27.514Z DEBUG ade_api.features.roles.service [cid=de999943-029d-4426-909c-cef0bd4dd70e] roles.principal.ensure.cached user_id=01KB3PAN065656CT9G01WM9DE8 principal_id=01KB3PAP03C0C2QM3KNXK08ZGT
2025-11-27T22:19:27.515Z INFO  ade_api.features.auth.service [cid=de999943-029d-4426-909c-cef0bd4dd70e] auth.dev_identity.ensure.success user_id=01KB3PAN065656CT9G01WM9DE8 user_email=developer@example.test user_created=False is_service_account=False
2025-11-27T22:19:27.582Z INFO  ade_api.request [cid=c00659a5-764c-4897-b480-09cb2de065e8] request.complete path=/api/v1/system/safe-mode method=GET duration_ms=3194.12 status_code=200
2025-11-27T22:19:27.582Z INFO  uvicorn.access [cid=-] 127.0.0.1:39100 - "GET /api/v1/system/safe-mode HTTP/1.1" 200
2025-11-27T22:19:27.583Z DEBUG ade_api.features.auth.service [cid=de999943-029d-4426-909c-cef0bd4dd70e] auth.dev_identity.ensure.start user_email=developer@example.test display_name=Development User
2025-11-27T22:19:27.773Z DEBUG ade_api.features.roles.service [cid=8900af7d-3f02-4c9e-af19-bea12191142a] roles.permissions.global.for_principal.start user_id=01KB3PAN065656CT9G01WM9DE8 principal_id=01KB3PAP03C0C2QM3KNXK08ZGT
2025-11-27T22:19:27.912Z DEBUG ade_api.features.roles.service [cid=8900af7d-3f02-4c9e-af19-bea12191142a] roles.permissions.global.for_principal.success user_id=01KB3PAN065656CT9G01WM9DE8 principal_id=01KB3PAP03C0C2QM3KNXK08ZGT permission_count=9
2025-11-27T22:19:28.168Z DEBUG ade_api.features.roles.service [cid=a469f9cb-5df6-4f43-9420-60e6ad752352] roles.permissions.global.for_principal.start user_id=01KB3PAN065656CT9G01WM9DE8 principal_id=01KB3PAP03C0C2QM3KNXK08ZGT
2025-11-27T22:19:28.239Z DEBUG ade_api.features.roles.service [cid=a469f9cb-5df6-4f43-9420-60e6ad752352] roles.permissions.global.for_principal.success user_id=01KB3PAN065656CT9G01WM9DE8 principal_id=01KB3PAP03C0C2QM3KNXK08ZGT permission_count=9
2025-11-27T22:19:28.431Z INFO  ade_api.features.workspaces.service [cid=a469f9cb-5df6-4f43-9420-60e6ad752352] workspace.memberships.list.global_admin_success user_id=01KB3PAN065656CT9G01WM9DE8 count=1
2025-11-27T22:19:28.498Z INFO  ade_api.request [cid=a469f9cb-5df6-4f43-9420-60e6ad752352] request.complete path=/api/v1/workspaces method=GET duration_ms=4040.6 status_code=200
2025-11-27T22:19:28.498Z INFO  uvicorn.access [cid=-] 127.0.0.1:39112 - "GET /api/v1/workspaces?page=1&page_size=100 HTTP/1.1" 200
2025-11-27T22:19:28.621Z DEBUG ade_api.features.roles.service [cid=8900af7d-3f02-4c9e-af19-bea12191142a] roles.global_slugs.for_user.start user_id=01KB3PAN065656CT9G01WM9DE8 principal_id=01KB3PAP03C0C2QM3KNXK08ZGT
2025-11-27T22:19:28.746Z DEBUG ade_api.features.roles.service [cid=de999943-029d-4426-909c-cef0bd4dd70e] roles.global.get_by_slug.start slug=global-administrator
2025-11-27T22:19:28.812Z DEBUG ade_api.features.roles.service [cid=8900af7d-3f02-4c9e-af19-bea12191142a] roles.global_slugs.for_user.completed user_id=01KB3PAN065656CT9G01WM9DE8 principal_id=01KB3PAP03C0C2QM3KNXK08ZGT role_count=1
2025-11-27T22:19:28.873Z DEBUG ade_api.features.users.service [cid=8900af7d-3f02-4c9e-af19-bea12191142a] user.profile.get.success user_id=01KB3PAN065656CT9G01WM9DE8
2025-11-27T22:19:28.874Z DEBUG ade_api.features.roles.service [cid=de999943-029d-4426-909c-cef0bd4dd70e] roles.global.get_by_slug.completed slug=global-administrator found=True
2025-11-27T22:19:28.937Z DEBUG ade_api.features.roles.service [cid=de999943-029d-4426-909c-cef0bd4dd70e] roles.assignments.assign_global.start user_id=01KB3PAN065656CT9G01WM9DE8 role_id=01KB3P9G0WG2PNEJSSGTG16S09
2025-11-27T22:19:28.937Z DEBUG ade_api.features.roles.service [cid=de999943-029d-4426-909c-cef0bd4dd70e] roles.principal.ensure.cached user_id=01KB3PAN065656CT9G01WM9DE8 principal_id=01KB3PAP03C0C2QM3KNXK08ZGT
2025-11-27T22:19:28.937Z DEBUG ade_api.features.roles.service [cid=de999943-029d-4426-909c-cef0bd4dd70e] roles.assignments.assign.start principal_id=01KB3PAP03C0C2QM3KNXK08ZGT role_id=01KB3P9G0WG2PNEJSSGTG16S09 scope_type=global scope_id=null
2025-11-27T22:19:28.938Z INFO  ade_api.request [cid=8900af7d-3f02-4c9e-af19-bea12191142a] request.complete path=/api/v1/auth/session method=GET duration_ms=4480.19 status_code=200
2025-11-27T22:19:28.938Z INFO  uvicorn.access [cid=-] 127.0.0.1:39118 - "GET /api/v1/auth/session HTTP/1.1" 200
2025-11-27T22:19:29.068Z DEBUG ade_api.features.roles.service [cid=de999943-029d-4426-909c-cef0bd4dd70e] roles.assignments.assign.already_exists assignment_id=01KB3PAPGTKQ1XM0KYGJRFXM5N principal_id=01KB3PAP03C0C2QM3KNXK08ZGT role_id=01KB3P9G0WG2PNEJSSGTG16S09 scope_type=global scope_id=null
2025-11-27T22:19:29.068Z INFO  ade_api.features.roles.service [cid=de999943-029d-4426-909c-cef0bd4dd70e] roles.assignments.assign_global.success user_id=01KB3PAN065656CT9G01WM9DE8 assignment_id=01KB3PAPGTKQ1XM0KYGJRFXM5N principal_id=01KB3PAP03C0C2QM3KNXK08ZGT role_id=01KB3P9G0WG2PNEJSSGTG16S09
2025-11-27T22:19:29.068Z DEBUG ade_api.features.roles.service [cid=de999943-029d-4426-909c-cef0bd4dd70e] roles.principal.ensure.cached user_id=01KB3PAN065656CT9G01WM9DE8 principal_id=01KB3PAP03C0C2QM3KNXK08ZGT
2025-11-27T22:19:29.068Z INFO  ade_api.features.auth.service [cid=de999943-029d-4426-909c-cef0bd4dd70e] auth.dev_identity.ensure.success user_id=01KB3PAN065656CT9G01WM9DE8 user_email=developer@example.test user_created=False is_service_account=False
2025-11-27T22:19:29.069Z DEBUG ade_api.features.documents.service [cid=de999943-029d-4426-909c-cef0bd4dd70e] document.list.start workspace_id=01KB3PCJ608XP61TSQX5PREX1G user_id=01KB3PAN065656CT9G01WM9DE8 page=1 page_size=50 include_total=False order_by=(<sqlalchemy.sql.elements.UnaryExpression object at 0x7710e11d0ce0>, <sqlalchemy.sql.elements.UnaryExpression object at 0x7710e11d18e0>)
2025-11-27T22:19:29.207Z INFO  ade_api.features.documents.service [cid=de999943-029d-4426-909c-cef0bd4dd70e] document.list.success workspace_id=01KB3PCJ608XP61TSQX5PREX1G user_id=01KB3PAN065656CT9G01WM9DE8 page=1 page_size=50 count=0 has_next=False has_previous=False total=null
2025-11-27T22:19:29.344Z INFO  ade_api.request [cid=de999943-029d-4426-909c-cef0bd4dd70e] request.complete path=/api/v1/workspaces/01KB3PCJ608XP61TSQX5PREX1G/documents method=GET duration_ms=4885.35 status_code=200
2025-11-27T22:19:29.344Z INFO  uvicorn.access [cid=-] 127.0.0.1:39130 - "GET /api/v1/workspaces/01KB3PCJ608XP61TSQX5PREX1G/documents?sort=-created_at&page=1&page_size=50&include_total=false HTTP/1.1" 200
2025-11-27T22:20:27.921Z DEBUG ade_api.features.auth.service [cid=c09e4df3-8c50-4c47-b3a8-d2e9138e24f1] auth.dev_identity.ensure.start user_email=developer@example.test display_name=Development User
2025-11-27T22:20:28.780Z DEBUG ade_api.features.roles.service [cid=c09e4df3-8c50-4c47-b3a8-d2e9138e24f1] roles.global.get_by_slug.start slug=global-administrator
2025-11-27T22:20:28.853Z DEBUG ade_api.features.roles.service [cid=c09e4df3-8c50-4c47-b3a8-d2e9138e24f1] roles.global.get_by_slug.completed slug=global-administrator found=True
2025-11-27T22:20:28.916Z DEBUG ade_api.features.roles.service [cid=c09e4df3-8c50-4c47-b3a8-d2e9138e24f1] roles.assignments.assign_global.start user_id=01KB3PAN065656CT9G01WM9DE8 role_id=01KB3P9G0WG2PNEJSSGTG16S09
2025-11-27T22:20:28.916Z DEBUG ade_api.features.roles.service [cid=c09e4df3-8c50-4c47-b3a8-d2e9138e24f1] roles.principal.ensure.cached user_id=01KB3PAN065656CT9G01WM9DE8 principal_id=01KB3PAP03C0C2QM3KNXK08ZGT
2025-11-27T22:20:28.916Z DEBUG ade_api.features.roles.service [cid=c09e4df3-8c50-4c47-b3a8-d2e9138e24f1] roles.assignments.assign.start principal_id=01KB3PAP03C0C2QM3KNXK08ZGT role_id=01KB3P9G0WG2PNEJSSGTG16S09 scope_type=global scope_id=null
2025-11-27T22:20:29.037Z DEBUG ade_api.features.roles.service [cid=c09e4df3-8c50-4c47-b3a8-d2e9138e24f1] roles.assignments.assign.already_exists assignment_id=01KB3PAPGTKQ1XM0KYGJRFXM5N principal_id=01KB3PAP03C0C2QM3KNXK08ZGT role_id=01KB3P9G0WG2PNEJSSGTG16S09 scope_type=global scope_id=null
2025-11-27T22:20:29.038Z INFO  ade_api.features.roles.service [cid=c09e4df3-8c50-4c47-b3a8-d2e9138e24f1] roles.assignments.assign_global.success user_id=01KB3PAN065656CT9G01WM9DE8 assignment_id=01KB3PAPGTKQ1XM0KYGJRFXM5N principal_id=01KB3PAP03C0C2QM3KNXK08ZGT role_id=01KB3P9G0WG2PNEJSSGTG16S09
2025-11-27T22:20:29.038Z DEBUG ade_api.features.roles.service [cid=c09e4df3-8c50-4c47-b3a8-d2e9138e24f1] roles.principal.ensure.cached user_id=01KB3PAN065656CT9G01WM9DE8 principal_id=01KB3PAP03C0C2QM3KNXK08ZGT
2025-11-27T22:20:29.038Z INFO  ade_api.features.auth.service [cid=c09e4df3-8c50-4c47-b3a8-d2e9138e24f1] auth.dev_identity.ensure.success user_id=01KB3PAN065656CT9G01WM9DE8 user_email=developer@example.test user_created=False is_service_account=False
2025-11-27T22:20:29.038Z DEBUG ade_api.features.system_settings.service [cid=c09e4df3-8c50-4c47-b3a8-d2e9138e24f1] safe_mode.get_status.start
2025-11-27T22:20:29.038Z DEBUG ade_api.features.system_settings.service [cid=c09e4df3-8c50-4c47-b3a8-d2e9138e24f1] system_settings.get.start setting_key=safe-mode
2025-11-27T22:20:29.161Z DEBUG ade_api.features.system_settings.service [cid=c09e4df3-8c50-4c47-b3a8-d2e9138e24f1] system_settings.get.result setting_key=safe-mode found=False
2025-11-27T22:20:29.161Z INFO  ade_api.features.system_settings.service [cid=c09e4df3-8c50-4c47-b3a8-d2e9138e24f1] safe_mode.get_status.result safe_mode_enabled=False persisted_overridden=False
2025-11-27T22:20:29.223Z INFO  ade_api.request [cid=c09e4df3-8c50-4c47-b3a8-d2e9138e24f1] request.complete path=/api/v1/system/safe-mode method=GET duration_ms=1304.21 status_code=200
2025-11-27T22:20:29.224Z INFO  uvicorn.access [cid=-] 127.0.0.1:52586 - "GET /api/v1/system/safe-mode HTTP/1.1" 200