(.venv) jkropp@JKROPP-M11:~/automatic-data-extractor$ ade start
🚀 Starting ADE backend on http://0.0.0.0:8000
↪️  /home/jkropp/automatic-data-extractor/.venv/bin/uvicorn ade_api.main:create_app --factory --host 0.0.0.0 --port 8000
2025-11-27T22:25:33.169Z INFO  ade_api.main [cid=-] ade_api.startup logging_level=DEBUG safe_mode=False auth_disabled=True debug=False version=0.2.0
2025-11-27T22:25:33.169Z WARNING ade_api.main [cid=-] auth.disabled auth_disabled=True
2025-11-27T22:25:33.334Z INFO  ade_api.main [cid=-] ade_api.startup logging_level=DEBUG safe_mode=False auth_disabled=True debug=False version=0.2.0
2025-11-27T22:25:33.334Z WARNING ade_api.main [cid=-] auth.disabled auth_disabled=True
2025-11-27T22:25:33.500Z INFO  uvicorn.error [cid=-] Started server process [66221]
2025-11-27T22:25:33.500Z INFO  uvicorn.error [cid=-] Waiting for application startup.
2025-11-27T22:25:34.758Z INFO  alembic.runtime.migration [cid=-] Context impl MSSQLImpl.
2025-11-27T22:25:34.759Z INFO  alembic.runtime.migration [cid=-] Will assume transactional DDL.
2025-11-27T22:25:35.048Z INFO  ade_api.features.roles.service [cid=-] roles.registry.sync.start
2025-11-27T22:25:37.151Z INFO  ade_api.features.roles.service [cid=-] roles.registry.sync.success permission_count=22 system_role_count=4
2025-11-27T22:25:37.213Z INFO  uvicorn.error [cid=-] Application startup complete.
2025-11-27T22:25:37.217Z INFO  uvicorn.error [cid=-] Uvicorn running on http://0.0.0.0:8000 (Press CTRL+C to quit)
2025-11-27T22:25:54.665Z DEBUG ade_api.features.auth.service [cid=4d2e2723-e73e-4d7f-8756-ac3f89023b73] auth.dev_identity.ensure.start user_email=developer@example.test display_name=Development User
2025-11-27T22:25:54.666Z DEBUG ade_api.features.auth.service [cid=77db5666-f653-43fb-b024-05f60ee1913c] auth.dev_identity.ensure.start user_email=developer@example.test display_name=Development User
2025-11-27T22:25:54.666Z DEBUG ade_api.features.auth.service [cid=93d3bfd5-bcb4-44dc-b077-879286520b0f] auth.dev_identity.ensure.start user_email=developer@example.test display_name=Development User
2025-11-27T22:25:55.643Z DEBUG ade_api.features.roles.service [cid=4d2e2723-e73e-4d7f-8756-ac3f89023b73] roles.global.get_by_slug.start slug=global-administrator
2025-11-27T22:25:55.770Z DEBUG ade_api.features.roles.service [cid=4d2e2723-e73e-4d7f-8756-ac3f89023b73] roles.global.get_by_slug.completed slug=global-administrator found=True
2025-11-27T22:25:55.832Z DEBUG ade_api.features.roles.service [cid=4d2e2723-e73e-4d7f-8756-ac3f89023b73] roles.assignments.assign_global.start user_id=01KB3PAN065656CT9G01WM9DE8 role_id=01KB3P9G0WG2PNEJSSGTG16S09
2025-11-27T22:25:55.832Z DEBUG ade_api.features.roles.service [cid=4d2e2723-e73e-4d7f-8756-ac3f89023b73] roles.principal.ensure.cached user_id=01KB3PAN065656CT9G01WM9DE8 principal_id=01KB3PAP03C0C2QM3KNXK08ZGT
2025-11-27T22:25:55.832Z DEBUG ade_api.features.roles.service [cid=4d2e2723-e73e-4d7f-8756-ac3f89023b73] roles.assignments.assign.start principal_id=01KB3PAP03C0C2QM3KNXK08ZGT role_id=01KB3P9G0WG2PNEJSSGTG16S09 scope_type=global scope_id=null
2025-11-27T22:25:56.037Z DEBUG ade_api.features.roles.service [cid=4d2e2723-e73e-4d7f-8756-ac3f89023b73] roles.assignments.assign.already_exists assignment_id=01KB3PAPGTKQ1XM0KYGJRFXM5N principal_id=01KB3PAP03C0C2QM3KNXK08ZGT role_id=01KB3P9G0WG2PNEJSSGTG16S09 scope_type=global scope_id=null
2025-11-27T22:25:56.038Z INFO  ade_api.features.roles.service [cid=4d2e2723-e73e-4d7f-8756-ac3f89023b73] roles.assignments.assign_global.success user_id=01KB3PAN065656CT9G01WM9DE8 assignment_id=01KB3PAPGTKQ1XM0KYGJRFXM5N principal_id=01KB3PAP03C0C2QM3KNXK08ZGT role_id=01KB3P9G0WG2PNEJSSGTG16S09
2025-11-27T22:25:56.038Z DEBUG ade_api.features.roles.service [cid=4d2e2723-e73e-4d7f-8756-ac3f89023b73] roles.principal.ensure.cached user_id=01KB3PAN065656CT9G01WM9DE8 principal_id=01KB3PAP03C0C2QM3KNXK08ZGT
2025-11-27T22:25:56.038Z INFO  ade_api.features.auth.service [cid=4d2e2723-e73e-4d7f-8756-ac3f89023b73] auth.dev_identity.ensure.success user_id=01KB3PAN065656CT9G01WM9DE8 user_email=developer@example.test user_created=False is_service_account=False
2025-11-27T22:25:56.040Z DEBUG ade_api.features.users.service [cid=4d2e2723-e73e-4d7f-8756-ac3f89023b73] users.list.start page=1 page_size=50 include_total=False order_by=(<sqlalchemy.sql.elements.UnaryExpression object at 0x7115cfa74830>, <sqlalchemy.sql.elements.UnaryExpression object at 0x7115cfa77c20>)
2025-11-27T22:25:56.336Z DEBUG ade_api.features.roles.service [cid=93d3bfd5-bcb4-44dc-b077-879286520b0f] roles.global.get_by_slug.start slug=global-administrator
2025-11-27T22:25:56.469Z DEBUG ade_api.features.roles.service [cid=77db5666-f653-43fb-b024-05f60ee1913c] roles.global.get_by_slug.start slug=global-administrator
2025-11-27T22:25:56.475Z DEBUG ade_api.features.roles.service [cid=93d3bfd5-bcb4-44dc-b077-879286520b0f] roles.global.get_by_slug.completed slug=global-administrator found=True
2025-11-27T22:25:56.542Z DEBUG ade_api.features.roles.service [cid=93d3bfd5-bcb4-44dc-b077-879286520b0f] roles.assignments.assign_global.start user_id=01KB3PAN065656CT9G01WM9DE8 role_id=01KB3P9G0WG2PNEJSSGTG16S09
2025-11-27T22:25:56.542Z DEBUG ade_api.features.roles.service [cid=93d3bfd5-bcb4-44dc-b077-879286520b0f] roles.principal.ensure.cached user_id=01KB3PAN065656CT9G01WM9DE8 principal_id=01KB3PAP03C0C2QM3KNXK08ZGT
2025-11-27T22:25:56.542Z DEBUG ade_api.features.roles.service [cid=93d3bfd5-bcb4-44dc-b077-879286520b0f] roles.assignments.assign.start principal_id=01KB3PAP03C0C2QM3KNXK08ZGT role_id=01KB3P9G0WG2PNEJSSGTG16S09 scope_type=global scope_id=null
2025-11-27T22:25:56.544Z DEBUG ade_api.features.roles.service [cid=77db5666-f653-43fb-b024-05f60ee1913c] roles.global.get_by_slug.completed slug=global-administrator found=True
2025-11-27T22:25:56.615Z DEBUG ade_api.features.roles.service [cid=77db5666-f653-43fb-b024-05f60ee1913c] roles.assignments.assign_global.start user_id=01KB3PAN065656CT9G01WM9DE8 role_id=01KB3P9G0WG2PNEJSSGTG16S09
2025-11-27T22:25:56.615Z DEBUG ade_api.features.roles.service [cid=77db5666-f653-43fb-b024-05f60ee1913c] roles.principal.ensure.cached user_id=01KB3PAN065656CT9G01WM9DE8 principal_id=01KB3PAP03C0C2QM3KNXK08ZGT
2025-11-27T22:25:56.615Z DEBUG ade_api.features.roles.service [cid=77db5666-f653-43fb-b024-05f60ee1913c] roles.assignments.assign.start principal_id=01KB3PAP03C0C2QM3KNXK08ZGT role_id=01KB3P9G0WG2PNEJSSGTG16S09 scope_type=global scope_id=null
2025-11-27T22:25:56.789Z DEBUG ade_api.features.roles.service [cid=93d3bfd5-bcb4-44dc-b077-879286520b0f] roles.assignments.assign.already_exists assignment_id=01KB3PAPGTKQ1XM0KYGJRFXM5N principal_id=01KB3PAP03C0C2QM3KNXK08ZGT role_id=01KB3P9G0WG2PNEJSSGTG16S09 scope_type=global scope_id=null
2025-11-27T22:25:56.789Z INFO  ade_api.features.roles.service [cid=93d3bfd5-bcb4-44dc-b077-879286520b0f] roles.assignments.assign_global.success user_id=01KB3PAN065656CT9G01WM9DE8 assignment_id=01KB3PAPGTKQ1XM0KYGJRFXM5N principal_id=01KB3PAP03C0C2QM3KNXK08ZGT role_id=01KB3P9G0WG2PNEJSSGTG16S09
2025-11-27T22:25:56.789Z DEBUG ade_api.features.roles.service [cid=93d3bfd5-bcb4-44dc-b077-879286520b0f] roles.principal.ensure.cached user_id=01KB3PAN065656CT9G01WM9DE8 principal_id=01KB3PAP03C0C2QM3KNXK08ZGT
2025-11-27T22:25:56.789Z INFO  ade_api.features.auth.service [cid=93d3bfd5-bcb4-44dc-b077-879286520b0f] auth.dev_identity.ensure.success user_id=01KB3PAN065656CT9G01WM9DE8 user_email=developer@example.test user_created=False is_service_account=False
2025-11-27T22:25:56.789Z DEBUG ade_api.features.workspaces.service [cid=93d3bfd5-bcb4-44dc-b077-879286520b0f] workspace.profile.start workspace_id=01KB3PCJ608XP61TSQX5PREX1G user_id=01KB3PAN065656CT9G01WM9DE8
2025-11-27T22:25:56.919Z DEBUG ade_api.features.roles.service [cid=77db5666-f653-43fb-b024-05f60ee1913c] roles.assignments.assign.already_exists assignment_id=01KB3PAPGTKQ1XM0KYGJRFXM5N principal_id=01KB3PAP03C0C2QM3KNXK08ZGT role_id=01KB3P9G0WG2PNEJSSGTG16S09 scope_type=global scope_id=null
2025-11-27T22:25:56.919Z INFO  ade_api.features.roles.service [cid=77db5666-f653-43fb-b024-05f60ee1913c] roles.assignments.assign_global.success user_id=01KB3PAN065656CT9G01WM9DE8 assignment_id=01KB3PAPGTKQ1XM0KYGJRFXM5N principal_id=01KB3PAP03C0C2QM3KNXK08ZGT role_id=01KB3P9G0WG2PNEJSSGTG16S09
2025-11-27T22:25:56.920Z DEBUG ade_api.features.roles.service [cid=77db5666-f653-43fb-b024-05f60ee1913c] roles.principal.ensure.cached user_id=01KB3PAN065656CT9G01WM9DE8 principal_id=01KB3PAP03C0C2QM3KNXK08ZGT
2025-11-27T22:25:56.920Z INFO  ade_api.features.auth.service [cid=77db5666-f653-43fb-b024-05f60ee1913c] auth.dev_identity.ensure.success user_id=01KB3PAN065656CT9G01WM9DE8 user_email=developer@example.test user_created=False is_service_account=False
2025-11-27T22:25:56.920Z DEBUG ade_api.features.workspaces.service [cid=77db5666-f653-43fb-b024-05f60ee1913c] workspace.profile.start workspace_id=01KB3PCJ608XP61TSQX5PREX1G user_id=01KB3PAN065656CT9G01WM9DE8
2025-11-27T22:25:57.261Z DEBUG ade_api.features.roles.service [cid=93d3bfd5-bcb4-44dc-b077-879286520b0f] roles.permissions.global.for_principal.start user_id=01KB3PAN065656CT9G01WM9DE8 principal_id=01KB3PAP03C0C2QM3KNXK08ZGT
2025-11-27T22:25:57.479Z DEBUG ade_api.features.users.service [cid=4d2e2723-e73e-4d7f-8756-ac3f89023b73] user.profile.build user_id=01KB3PAN065656CT9G01WM9DE8
2025-11-27T22:25:57.633Z DEBUG ade_api.features.roles.service [cid=77db5666-f653-43fb-b024-05f60ee1913c] roles.permissions.global.for_principal.start user_id=01KB3PAN065656CT9G01WM9DE8 principal_id=01KB3PAP03C0C2QM3KNXK08ZGT
2025-11-27T22:25:57.635Z DEBUG ade_api.features.roles.service [cid=93d3bfd5-bcb4-44dc-b077-879286520b0f] roles.permissions.global.for_principal.success user_id=01KB3PAN065656CT9G01WM9DE8 principal_id=01KB3PAP03C0C2QM3KNXK08ZGT permission_count=9
2025-11-27T22:25:57.702Z DEBUG ade_api.features.roles.service [cid=77db5666-f653-43fb-b024-05f60ee1913c] roles.permissions.global.for_principal.success user_id=01KB3PAN065656CT9G01WM9DE8 principal_id=01KB3PAP03C0C2QM3KNXK08ZGT permission_count=9
2025-11-27T22:25:57.834Z INFO  ade_api.features.workspaces.service [cid=93d3bfd5-bcb4-44dc-b077-879286520b0f] workspace.profile.global_admin workspace_id=01KB3PCJ608XP61TSQX5PREX1G user_id=01KB3PAN065656CT9G01WM9DE8 roles=['workspace-owner'] permissions=13
2025-11-27T22:25:57.928Z DEBUG ade_api.features.auth.service [cid=93d3bfd5-bcb4-44dc-b077-879286520b0f] auth.dev_identity.ensure.start user_email=developer@example.test display_name=Development User
2025-11-27T22:25:57.993Z INFO  ade_api.features.workspaces.service [cid=77db5666-f653-43fb-b024-05f60ee1913c] workspace.profile.global_admin workspace_id=01KB3PCJ608XP61TSQX5PREX1G user_id=01KB3PAN065656CT9G01WM9DE8 roles=['workspace-owner'] permissions=13
2025-11-27T22:25:58.140Z DEBUG ade_api.features.roles.service [cid=4d2e2723-e73e-4d7f-8756-ac3f89023b73] roles.permissions.global.for_principal.start user_id=01KB3PAN065656CT9G01WM9DE8 principal_id=01KB3PAP03C0C2QM3KNXK08ZGT
2025-11-27T22:25:58.141Z DEBUG ade_api.features.auth.service [cid=77db5666-f653-43fb-b024-05f60ee1913c] auth.dev_identity.ensure.start user_email=developer@example.test display_name=Development User
2025-11-27T22:25:58.207Z DEBUG ade_api.features.roles.service [cid=4d2e2723-e73e-4d7f-8756-ac3f89023b73] roles.permissions.global.for_principal.success user_id=01KB3PAN065656CT9G01WM9DE8 principal_id=01KB3PAP03C0C2QM3KNXK08ZGT permission_count=9
2025-11-27T22:25:58.704Z DEBUG ade_api.features.roles.service [cid=4d2e2723-e73e-4d7f-8756-ac3f89023b73] roles.global_slugs.for_user.start user_id=01KB3PAN065656CT9G01WM9DE8 principal_id=01KB3PAP03C0C2QM3KNXK08ZGT
2025-11-27T22:25:58.778Z DEBUG ade_api.features.roles.service [cid=4d2e2723-e73e-4d7f-8756-ac3f89023b73] roles.global_slugs.for_user.completed user_id=01KB3PAN065656CT9G01WM9DE8 principal_id=01KB3PAP03C0C2QM3KNXK08ZGT role_count=1
2025-11-27T22:25:58.861Z INFO  ade_api.features.users.service [cid=4d2e2723-e73e-4d7f-8756-ac3f89023b73] users.list.success page=1 page_size=50 count=1 total=null
2025-11-27T22:25:58.927Z INFO  ade_api.request [cid=4d2e2723-e73e-4d7f-8756-ac3f89023b73] request.complete path=/api/v1/users method=GET duration_ms=4265.94 status_code=200
2025-11-27T22:25:58.928Z INFO  uvicorn.access [cid=-] 127.0.0.1:52748 - "GET /api/v1/users?page=1&page_size=50 HTTP/1.1" 200
2025-11-27T22:25:59.444Z DEBUG ade_api.features.roles.service [cid=93d3bfd5-bcb4-44dc-b077-879286520b0f] roles.global.get_by_slug.start slug=global-administrator
2025-11-27T22:25:59.515Z DEBUG ade_api.features.roles.service [cid=93d3bfd5-bcb4-44dc-b077-879286520b0f] roles.global.get_by_slug.completed slug=global-administrator found=True
2025-11-27T22:25:59.584Z DEBUG ade_api.features.roles.service [cid=93d3bfd5-bcb4-44dc-b077-879286520b0f] roles.assignments.assign_global.start user_id=01KB3PAN065656CT9G01WM9DE8 role_id=01KB3P9G0WG2PNEJSSGTG16S09
2025-11-27T22:25:59.584Z DEBUG ade_api.features.roles.service [cid=93d3bfd5-bcb4-44dc-b077-879286520b0f] roles.principal.ensure.cached user_id=01KB3PAN065656CT9G01WM9DE8 principal_id=01KB3PAP03C0C2QM3KNXK08ZGT
2025-11-27T22:25:59.584Z DEBUG ade_api.features.roles.service [cid=93d3bfd5-bcb4-44dc-b077-879286520b0f] roles.assignments.assign.start principal_id=01KB3PAP03C0C2QM3KNXK08ZGT role_id=01KB3P9G0WG2PNEJSSGTG16S09 scope_type=global scope_id=null
2025-11-27T22:25:59.711Z DEBUG ade_api.features.roles.service [cid=77db5666-f653-43fb-b024-05f60ee1913c] roles.global.get_by_slug.start slug=global-administrator
2025-11-27T22:25:59.797Z DEBUG ade_api.features.roles.service [cid=93d3bfd5-bcb4-44dc-b077-879286520b0f] roles.assignments.assign.already_exists assignment_id=01KB3PAPGTKQ1XM0KYGJRFXM5N principal_id=01KB3PAP03C0C2QM3KNXK08ZGT role_id=01KB3P9G0WG2PNEJSSGTG16S09 scope_type=global scope_id=null
2025-11-27T22:25:59.797Z INFO  ade_api.features.roles.service [cid=93d3bfd5-bcb4-44dc-b077-879286520b0f] roles.assignments.assign_global.success user_id=01KB3PAN065656CT9G01WM9DE8 assignment_id=01KB3PAPGTKQ1XM0KYGJRFXM5N principal_id=01KB3PAP03C0C2QM3KNXK08ZGT role_id=01KB3P9G0WG2PNEJSSGTG16S09
2025-11-27T22:25:59.797Z DEBUG ade_api.features.roles.service [cid=93d3bfd5-bcb4-44dc-b077-879286520b0f] roles.principal.ensure.cached user_id=01KB3PAN065656CT9G01WM9DE8 principal_id=01KB3PAP03C0C2QM3KNXK08ZGT
2025-11-27T22:25:59.797Z INFO  ade_api.features.auth.service [cid=93d3bfd5-bcb4-44dc-b077-879286520b0f] auth.dev_identity.ensure.success user_id=01KB3PAN065656CT9G01WM9DE8 user_email=developer@example.test user_created=False is_service_account=False
2025-11-27T22:25:59.803Z DEBUG ade_api.features.roles.service [cid=77db5666-f653-43fb-b024-05f60ee1913c] roles.global.get_by_slug.completed slug=global-administrator found=True
2025-11-27T22:25:59.864Z DEBUG ade_api.features.roles.service [cid=77db5666-f653-43fb-b024-05f60ee1913c] roles.assignments.assign_global.start user_id=01KB3PAN065656CT9G01WM9DE8 role_id=01KB3P9G0WG2PNEJSSGTG16S09
2025-11-27T22:25:59.864Z DEBUG ade_api.features.roles.service [cid=77db5666-f653-43fb-b024-05f60ee1913c] roles.principal.ensure.cached user_id=01KB3PAN065656CT9G01WM9DE8 principal_id=01KB3PAP03C0C2QM3KNXK08ZGT
2025-11-27T22:25:59.864Z DEBUG ade_api.features.roles.service [cid=77db5666-f653-43fb-b024-05f60ee1913c] roles.assignments.assign.start principal_id=01KB3PAP03C0C2QM3KNXK08ZGT role_id=01KB3P9G0WG2PNEJSSGTG16S09 scope_type=global scope_id=null
2025-11-27T22:26:00.016Z DEBUG ade_api.features.roles.service [cid=77db5666-f653-43fb-b024-05f60ee1913c] roles.assignments.assign.already_exists assignment_id=01KB3PAPGTKQ1XM0KYGJRFXM5N principal_id=01KB3PAP03C0C2QM3KNXK08ZGT role_id=01KB3P9G0WG2PNEJSSGTG16S09 scope_type=global scope_id=null
2025-11-27T22:26:00.016Z INFO  ade_api.features.roles.service [cid=77db5666-f653-43fb-b024-05f60ee1913c] roles.assignments.assign_global.success user_id=01KB3PAN065656CT9G01WM9DE8 assignment_id=01KB3PAPGTKQ1XM0KYGJRFXM5N principal_id=01KB3PAP03C0C2QM3KNXK08ZGT role_id=01KB3P9G0WG2PNEJSSGTG16S09
2025-11-27T22:26:00.017Z DEBUG ade_api.features.roles.service [cid=77db5666-f653-43fb-b024-05f60ee1913c] roles.principal.ensure.cached user_id=01KB3PAN065656CT9G01WM9DE8 principal_id=01KB3PAP03C0C2QM3KNXK08ZGT
2025-11-27T22:26:00.017Z INFO  ade_api.features.auth.service [cid=77db5666-f653-43fb-b024-05f60ee1913c] auth.dev_identity.ensure.success user_id=01KB3PAN065656CT9G01WM9DE8 user_email=developer@example.test user_created=False is_service_account=False
2025-11-27T22:26:00.019Z INFO  ade_api.request [cid=93d3bfd5-bcb4-44dc-b077-879286520b0f] request.complete path=/api/v1/workspaces/01KB3PCJ608XP61TSQX5PREX1G/members method=GET duration_ms=5356.16 status_code=422
2025-11-27T22:26:00.019Z INFO  uvicorn.access [cid=-] 127.0.0.1:52764 - "GET /api/v1/workspaces/01KB3PCJ608XP61TSQX5PREX1G/members?page_size=200&include_total=true HTTP/1.1" 422
2025-11-27T22:26:00.149Z INFO  ade_api.request [cid=77db5666-f653-43fb-b024-05f60ee1913c] request.complete path=/api/v1/workspaces/01KB3PCJ608XP61TSQX5PREX1G/roles method=GET duration_ms=5485.78 status_code=422
2025-11-27T22:26:00.149Z INFO  uvicorn.access [cid=-] 127.0.0.1:52780 - "GET /api/v1/workspaces/01KB3PCJ608XP61TSQX5PREX1G/roles?page_size=200&include_total=true HTTP/1.1" 422
2025-11-27T22:26:01.038Z DEBUG ade_api.features.auth.service [cid=e06c8b66-f110-4049-ad4a-0d0a67bd9fd6] auth.dev_identity.ensure.start user_email=developer@example.test display_name=Development User
2025-11-27T22:26:01.163Z DEBUG ade_api.features.auth.service [cid=b72ed372-f1e5-4c44-9e5a-b7888ad87065] auth.dev_identity.ensure.start user_email=developer@example.test display_name=Development User
2025-11-27T22:26:01.903Z DEBUG ade_api.features.roles.service [cid=e06c8b66-f110-4049-ad4a-0d0a67bd9fd6] roles.global.get_by_slug.start slug=global-administrator
2025-11-27T22:26:01.970Z DEBUG ade_api.features.roles.service [cid=e06c8b66-f110-4049-ad4a-0d0a67bd9fd6] roles.global.get_by_slug.completed slug=global-administrator found=True
2025-11-27T22:26:02.034Z DEBUG ade_api.features.roles.service [cid=e06c8b66-f110-4049-ad4a-0d0a67bd9fd6] roles.assignments.assign_global.start user_id=01KB3PAN065656CT9G01WM9DE8 role_id=01KB3P9G0WG2PNEJSSGTG16S09
2025-11-27T22:26:02.034Z DEBUG ade_api.features.roles.service [cid=e06c8b66-f110-4049-ad4a-0d0a67bd9fd6] roles.principal.ensure.cached user_id=01KB3PAN065656CT9G01WM9DE8 principal_id=01KB3PAP03C0C2QM3KNXK08ZGT
2025-11-27T22:26:02.034Z DEBUG ade_api.features.roles.service [cid=e06c8b66-f110-4049-ad4a-0d0a67bd9fd6] roles.assignments.assign.start principal_id=01KB3PAP03C0C2QM3KNXK08ZGT role_id=01KB3P9G0WG2PNEJSSGTG16S09 scope_type=global scope_id=null
2025-11-27T22:26:02.174Z DEBUG ade_api.features.roles.service [cid=b72ed372-f1e5-4c44-9e5a-b7888ad87065] roles.global.get_by_slug.start slug=global-administrator
2025-11-27T22:26:02.234Z DEBUG ade_api.features.roles.service [cid=e06c8b66-f110-4049-ad4a-0d0a67bd9fd6] roles.assignments.assign.already_exists assignment_id=01KB3PAPGTKQ1XM0KYGJRFXM5N principal_id=01KB3PAP03C0C2QM3KNXK08ZGT role_id=01KB3P9G0WG2PNEJSSGTG16S09 scope_type=global scope_id=null
2025-11-27T22:26:02.235Z INFO  ade_api.features.roles.service [cid=e06c8b66-f110-4049-ad4a-0d0a67bd9fd6] roles.assignments.assign_global.success user_id=01KB3PAN065656CT9G01WM9DE8 assignment_id=01KB3PAPGTKQ1XM0KYGJRFXM5N principal_id=01KB3PAP03C0C2QM3KNXK08ZGT role_id=01KB3P9G0WG2PNEJSSGTG16S09
2025-11-27T22:26:02.235Z DEBUG ade_api.features.roles.service [cid=e06c8b66-f110-4049-ad4a-0d0a67bd9fd6] roles.principal.ensure.cached user_id=01KB3PAN065656CT9G01WM9DE8 principal_id=01KB3PAP03C0C2QM3KNXK08ZGT
2025-11-27T22:26:02.235Z INFO  ade_api.features.auth.service [cid=e06c8b66-f110-4049-ad4a-0d0a67bd9fd6] auth.dev_identity.ensure.success user_id=01KB3PAN065656CT9G01WM9DE8 user_email=developer@example.test user_created=False is_service_account=False
2025-11-27T22:26:02.235Z DEBUG ade_api.features.workspaces.service [cid=e06c8b66-f110-4049-ad4a-0d0a67bd9fd6] workspace.profile.start workspace_id=01KB3PCJ608XP61TSQX5PREX1G user_id=01KB3PAN065656CT9G01WM9DE8
2025-11-27T22:26:02.243Z DEBUG ade_api.features.roles.service [cid=b72ed372-f1e5-4c44-9e5a-b7888ad87065] roles.global.get_by_slug.completed slug=global-administrator found=True
2025-11-27T22:26:02.304Z DEBUG ade_api.features.roles.service [cid=b72ed372-f1e5-4c44-9e5a-b7888ad87065] roles.assignments.assign_global.start user_id=01KB3PAN065656CT9G01WM9DE8 role_id=01KB3P9G0WG2PNEJSSGTG16S09
2025-11-27T22:26:02.304Z DEBUG ade_api.features.roles.service [cid=b72ed372-f1e5-4c44-9e5a-b7888ad87065] roles.principal.ensure.cached user_id=01KB3PAN065656CT9G01WM9DE8 principal_id=01KB3PAP03C0C2QM3KNXK08ZGT
2025-11-27T22:26:02.304Z DEBUG ade_api.features.roles.service [cid=b72ed372-f1e5-4c44-9e5a-b7888ad87065] roles.assignments.assign.start principal_id=01KB3PAP03C0C2QM3KNXK08ZGT role_id=01KB3P9G0WG2PNEJSSGTG16S09 scope_type=global scope_id=null
2025-11-27T22:26:02.536Z DEBUG ade_api.features.roles.service [cid=b72ed372-f1e5-4c44-9e5a-b7888ad87065] roles.assignments.assign.already_exists assignment_id=01KB3PAPGTKQ1XM0KYGJRFXM5N principal_id=01KB3PAP03C0C2QM3KNXK08ZGT role_id=01KB3P9G0WG2PNEJSSGTG16S09 scope_type=global scope_id=null
2025-11-27T22:26:02.536Z INFO  ade_api.features.roles.service [cid=b72ed372-f1e5-4c44-9e5a-b7888ad87065] roles.assignments.assign_global.success user_id=01KB3PAN065656CT9G01WM9DE8 assignment_id=01KB3PAPGTKQ1XM0KYGJRFXM5N principal_id=01KB3PAP03C0C2QM3KNXK08ZGT role_id=01KB3P9G0WG2PNEJSSGTG16S09
2025-11-27T22:26:02.536Z DEBUG ade_api.features.roles.service [cid=b72ed372-f1e5-4c44-9e5a-b7888ad87065] roles.principal.ensure.cached user_id=01KB3PAN065656CT9G01WM9DE8 principal_id=01KB3PAP03C0C2QM3KNXK08ZGT
2025-11-27T22:26:02.536Z INFO  ade_api.features.auth.service [cid=b72ed372-f1e5-4c44-9e5a-b7888ad87065] auth.dev_identity.ensure.success user_id=01KB3PAN065656CT9G01WM9DE8 user_email=developer@example.test user_created=False is_service_account=False
2025-11-27T22:26:02.536Z DEBUG ade_api.features.workspaces.service [cid=b72ed372-f1e5-4c44-9e5a-b7888ad87065] workspace.profile.start workspace_id=01KB3PCJ608XP61TSQX5PREX1G user_id=01KB3PAN065656CT9G01WM9DE8
2025-11-27T22:26:02.664Z DEBUG ade_api.features.roles.service [cid=e06c8b66-f110-4049-ad4a-0d0a67bd9fd6] roles.permissions.global.for_principal.start user_id=01KB3PAN065656CT9G01WM9DE8 principal_id=01KB3PAP03C0C2QM3KNXK08ZGT
2025-11-27T22:26:02.796Z DEBUG ade_api.features.roles.service [cid=e06c8b66-f110-4049-ad4a-0d0a67bd9fd6] roles.permissions.global.for_principal.success user_id=01KB3PAN065656CT9G01WM9DE8 principal_id=01KB3PAP03C0C2QM3KNXK08ZGT permission_count=9
2025-11-27T22:26:02.997Z DEBUG ade_api.features.roles.service [cid=b72ed372-f1e5-4c44-9e5a-b7888ad87065] roles.permissions.global.for_principal.start user_id=01KB3PAN065656CT9G01WM9DE8 principal_id=01KB3PAP03C0C2QM3KNXK08ZGT
2025-11-27T22:26:03.089Z INFO  ade_api.features.workspaces.service [cid=e06c8b66-f110-4049-ad4a-0d0a67bd9fd6] workspace.profile.global_admin workspace_id=01KB3PCJ608XP61TSQX5PREX1G user_id=01KB3PAN065656CT9G01WM9DE8 roles=['workspace-owner'] permissions=13
2025-11-27T22:26:03.091Z DEBUG ade_api.features.auth.service [cid=e06c8b66-f110-4049-ad4a-0d0a67bd9fd6] auth.dev_identity.ensure.start user_email=developer@example.test display_name=Development User
2025-11-27T22:26:03.092Z DEBUG ade_api.features.roles.service [cid=b72ed372-f1e5-4c44-9e5a-b7888ad87065] roles.permissions.global.for_principal.success user_id=01KB3PAN065656CT9G01WM9DE8 principal_id=01KB3PAP03C0C2QM3KNXK08ZGT permission_count=9
2025-11-27T22:26:03.291Z INFO  ade_api.features.workspaces.service [cid=b72ed372-f1e5-4c44-9e5a-b7888ad87065] workspace.profile.global_admin workspace_id=01KB3PCJ608XP61TSQX5PREX1G user_id=01KB3PAN065656CT9G01WM9DE8 roles=['workspace-owner'] permissions=13
2025-11-27T22:26:03.294Z DEBUG ade_api.features.auth.service [cid=b72ed372-f1e5-4c44-9e5a-b7888ad87065] auth.dev_identity.ensure.start user_email=developer@example.test display_name=Development User
2025-11-27T22:26:04.131Z DEBUG ade_api.features.roles.service [cid=e06c8b66-f110-4049-ad4a-0d0a67bd9fd6] roles.global.get_by_slug.start slug=global-administrator
2025-11-27T22:26:04.199Z DEBUG ade_api.features.roles.service [cid=e06c8b66-f110-4049-ad4a-0d0a67bd9fd6] roles.global.get_by_slug.completed slug=global-administrator found=True
2025-11-27T22:26:04.259Z DEBUG ade_api.features.roles.service [cid=e06c8b66-f110-4049-ad4a-0d0a67bd9fd6] roles.assignments.assign_global.start user_id=01KB3PAN065656CT9G01WM9DE8 role_id=01KB3P9G0WG2PNEJSSGTG16S09
2025-11-27T22:26:04.259Z DEBUG ade_api.features.roles.service [cid=e06c8b66-f110-4049-ad4a-0d0a67bd9fd6] roles.principal.ensure.cached user_id=01KB3PAN065656CT9G01WM9DE8 principal_id=01KB3PAP03C0C2QM3KNXK08ZGT
2025-11-27T22:26:04.259Z DEBUG ade_api.features.roles.service [cid=e06c8b66-f110-4049-ad4a-0d0a67bd9fd6] roles.assignments.assign.start principal_id=01KB3PAP03C0C2QM3KNXK08ZGT role_id=01KB3P9G0WG2PNEJSSGTG16S09 scope_type=global scope_id=null
2025-11-27T22:26:04.386Z DEBUG ade_api.features.roles.service [cid=b72ed372-f1e5-4c44-9e5a-b7888ad87065] roles.global.get_by_slug.start slug=global-administrator
2025-11-27T22:26:04.452Z DEBUG ade_api.features.roles.service [cid=e06c8b66-f110-4049-ad4a-0d0a67bd9fd6] roles.assignments.assign.already_exists assignment_id=01KB3PAPGTKQ1XM0KYGJRFXM5N principal_id=01KB3PAP03C0C2QM3KNXK08ZGT role_id=01KB3P9G0WG2PNEJSSGTG16S09 scope_type=global scope_id=null
2025-11-27T22:26:04.452Z INFO  ade_api.features.roles.service [cid=e06c8b66-f110-4049-ad4a-0d0a67bd9fd6] roles.assignments.assign_global.success user_id=01KB3PAN065656CT9G01WM9DE8 assignment_id=01KB3PAPGTKQ1XM0KYGJRFXM5N principal_id=01KB3PAP03C0C2QM3KNXK08ZGT role_id=01KB3P9G0WG2PNEJSSGTG16S09
2025-11-27T22:26:04.452Z DEBUG ade_api.features.roles.service [cid=e06c8b66-f110-4049-ad4a-0d0a67bd9fd6] roles.principal.ensure.cached user_id=01KB3PAN065656CT9G01WM9DE8 principal_id=01KB3PAP03C0C2QM3KNXK08ZGT
2025-11-27T22:26:04.452Z INFO  ade_api.features.auth.service [cid=e06c8b66-f110-4049-ad4a-0d0a67bd9fd6] auth.dev_identity.ensure.success user_id=01KB3PAN065656CT9G01WM9DE8 user_email=developer@example.test user_created=False is_service_account=False
2025-11-27T22:26:04.455Z DEBUG ade_api.features.roles.service [cid=b72ed372-f1e5-4c44-9e5a-b7888ad87065] roles.global.get_by_slug.completed slug=global-administrator found=True
2025-11-27T22:26:04.517Z DEBUG ade_api.features.roles.service [cid=b72ed372-f1e5-4c44-9e5a-b7888ad87065] roles.assignments.assign_global.start user_id=01KB3PAN065656CT9G01WM9DE8 role_id=01KB3P9G0WG2PNEJSSGTG16S09
2025-11-27T22:26:04.518Z DEBUG ade_api.features.roles.service [cid=b72ed372-f1e5-4c44-9e5a-b7888ad87065] roles.principal.ensure.cached user_id=01KB3PAN065656CT9G01WM9DE8 principal_id=01KB3PAP03C0C2QM3KNXK08ZGT
2025-11-27T22:26:04.518Z DEBUG ade_api.features.roles.service [cid=b72ed372-f1e5-4c44-9e5a-b7888ad87065] roles.assignments.assign.start principal_id=01KB3PAP03C0C2QM3KNXK08ZGT role_id=01KB3P9G0WG2PNEJSSGTG16S09 scope_type=global scope_id=null
2025-11-27T22:26:04.587Z INFO  ade_api.request [cid=e06c8b66-f110-4049-ad4a-0d0a67bd9fd6] request.complete path=/api/v1/workspaces/01KB3PCJ608XP61TSQX5PREX1G/members method=GET duration_ms=3550.77 status_code=422
2025-11-27T22:26:04.587Z INFO  uvicorn.access [cid=-] 127.0.0.1:52780 - "GET /api/v1/workspaces/01KB3PCJ608XP61TSQX5PREX1G/members?page_size=200&include_total=true HTTP/1.1" 422
2025-11-27T22:26:04.649Z DEBUG ade_api.features.roles.service [cid=b72ed372-f1e5-4c44-9e5a-b7888ad87065] roles.assignments.assign.already_exists assignment_id=01KB3PAPGTKQ1XM0KYGJRFXM5N principal_id=01KB3PAP03C0C2QM3KNXK08ZGT role_id=01KB3P9G0WG2PNEJSSGTG16S09 scope_type=global scope_id=null
2025-11-27T22:26:04.649Z INFO  ade_api.features.roles.service [cid=b72ed372-f1e5-4c44-9e5a-b7888ad87065] roles.assignments.assign_global.success user_id=01KB3PAN065656CT9G01WM9DE8 assignment_id=01KB3PAPGTKQ1XM0KYGJRFXM5N principal_id=01KB3PAP03C0C2QM3KNXK08ZGT role_id=01KB3P9G0WG2PNEJSSGTG16S09
2025-11-27T22:26:04.649Z DEBUG ade_api.features.roles.service [cid=b72ed372-f1e5-4c44-9e5a-b7888ad87065] roles.principal.ensure.cached user_id=01KB3PAN065656CT9G01WM9DE8 principal_id=01KB3PAP03C0C2QM3KNXK08ZGT
2025-11-27T22:26:04.649Z INFO  ade_api.features.auth.service [cid=b72ed372-f1e5-4c44-9e5a-b7888ad87065] auth.dev_identity.ensure.success user_id=01KB3PAN065656CT9G01WM9DE8 user_email=developer@example.test user_created=False is_service_account=False
2025-11-27T22:26:04.798Z INFO  ade_api.request [cid=b72ed372-f1e5-4c44-9e5a-b7888ad87065] request.complete path=/api/v1/workspaces/01KB3PCJ608XP61TSQX5PREX1G/roles method=GET duration_ms=3636.17 status_code=422
2025-11-27T22:26:04.798Z INFO  uvicorn.access [cid=-] 127.0.0.1:52764 - "GET /api/v1/workspaces/01KB3PCJ608XP61TSQX5PREX1G/roles?page_size=200&include_total=true HTTP/1.1" 422