[     828ms] RangeError: invalid language tag: "undefined"
    at handleError (http://localhost:30697/node_modules/.vite/deps/chunk-67IYA7EK.js?v=2a4e4fb6:744:13)
    at runUpdates (http://localhost:30697/node_modules/.vite/deps/chunk-67IYA7EK.js?v=2a4e4fb6:569:16)
    at completeLoad (http://localhost:30697/node_modules/.vite/deps/chunk-67IYA7EK.js?v=2a4e4fb6:158:15)
    at loadEnd (http://localhost:30697/node_modules/.vite/deps/chunk-67IYA7EK.js?v=2a4e4fb6:153:26)
    at createResource/load/< (http://localhost:30697/node_modules/.vite/deps/chunk-67IYA7EK.js?v=2a4e4fb6:223:71)
    at promise callback*load (http://localhost:30697/node_modules/.vite/deps/chunk-67IYA7EK.js?v=2a4e4fb6:223:14)
    at createResource (http://localhost:30697/node_modules/.vite/deps/chunk-67IYA7EK.js?v=2a4e4fb6:249:12)
    at wrap (http://localhost:30697/node_modules/.vite/deps/chunk-67IYA7EK.js?v=2a4e4fb6:1103:33)
    at createComponent/< (http://localhost:30697/node_modules/.vite/deps/chunk-67IYA7EK.js?v=2a4e4fb6:935:28)
    at untrack (http://localhost:30697/node_modules/.vite/deps/chunk-67IYA7EK.js?v=2a4e4fb6:259:58)
    at createComponent (http://localhost:30697/node_modules/.vite/deps/chunk-67IYA7EK.js?v=2a4e4fb6:935:10)
    at mount/dispose< (http://localhost:30697/node_modules/.vite/deps/@tanstack_react-query-devtools.js?v=2a4e4fb6:111:14)
    at render/< (http://localhost:30697/node_modules/.vite/deps/chunk-67IYA7EK.js?v=2a4e4fb6:1369:53)
    at createRoot/updateFn< (http://localhost:30697/node_modules/.vite/deps/chunk-67IYA7EK.js?v=2a4e4fb6:61:40)
    at runUpdates (http://localhost:30697/node_modules/.vite/deps/chunk-67IYA7EK.js?v=2a4e4fb6:563:17)
    at createRoot (http://localhost:30697/node_modules/.vite/deps/chunk-67IYA7EK.js?v=2a4e4fb6:65:12)
    at render (http://localhost:30697/node_modules/.vite/deps/chunk-67IYA7EK.js?v=2a4e4fb6:1367:13)
    at mount (http://localhost:30697/node_modules/.vite/deps/@tanstack_react-query-devtools.js?v=2a4e4fb6:94:27)
    at ReactQueryDevtools/< (http://localhost:30697/node_modules/.vite/deps/@tanstack_react-query-devtools.js?v=2a4e4fb6:356:16)
    at react_stack_bottom_frame (http://localhost:30697/node_modules/.vite/deps/react-dom_client.js?v=2a4e4fb6:18567:20)
    at runWithFiberInDEV (http://localhost:30697/node_modules/.vite/deps/react-dom_client.js?v=2a4e4fb6:999:15)
    at commitHookEffectListMount (http://localhost:30697/node_modules/.vite/deps/react-dom_client.js?v=2a4e4fb6:9411:163)
    at commitHookPassiveMountEffects (http://localhost:30697/node_modules/.vite/deps/react-dom_client.js?v=2a4e4fb6:9465:60)
    at commitPassiveMountOnFiber (http://localhost:30697/node_modules/.vite/deps/react-dom_client.js?v=2a4e4fb6:11040:29)
    at recursivelyTraversePassiveMountEffects (http://localhost:30697/node_modules/.vite/deps/react-dom_client.js?v=2a4e4fb6:11010:38)
    at commitPassiveMountOnFiber (http://localhost:30697/node_modules/.vite/deps/react-dom_client.js?v=2a4e4fb6:11201:51)
    at recursivelyTraversePassiveMountEffects (http://localhost:30697/node_modules/.vite/deps/react-dom_client.js?v=2a4e4fb6:11010:38)
    at commitPassiveMountOnFiber (http://localhost:30697/node_modules/.vite/deps/react-dom_client.js?v=2a4e4fb6:11033:51)
    at recursivelyTraversePassiveMountEffects (http://localhost:30697/node_modules/.vite/deps/react-dom_client.js?v=2a4e4fb6:11010:38)
    at commitPassiveMountOnFiber (http://localhost:30697/node_modules/.vite/deps/react-dom_client.js?v=2a4e4fb6:11201:51)
    at recursivelyTraversePassiveMountEffects (http://localhost:30697/node_modules/.vite/deps/react-dom_client.js?v=2a4e4fb6:11010:38)
    at commitPassiveMountOnFiber (http://localhost:30697/node_modules/.vite/deps/react-dom_client.js?v=2a4e4fb6:11033:51)
    at recursivelyTraversePassiveMountEffects (http://localhost:30697/node_modules/.vite/deps/react-dom_client.js?v=2a4e4fb6:11010:38)
    at commitPassiveMountOnFiber (http://localhost:30697/node_modules/.vite/deps/react-dom_client.js?v=2a4e4fb6:11201:51)
    at recursivelyTraversePassiveMountEffects (http://localhost:30697/node_modules/.vite/deps/react-dom_client.js?v=2a4e4fb6:11010:38)
    at commitPassiveMountOnFiber (http://localhost:30697/node_modules/.vite/deps/react-dom_client.js?v=2a4e4fb6:11033:51)
    at recursivelyTraversePassiveMountEffects (http://localhost:30697/node_modules/.vite/deps/react-dom_client.js?v=2a4e4fb6:11010:38)
    at commitPassiveMountOnFiber (http://localhost:30697/node_modules/.vite/deps/react-dom_client.js?v=2a4e4fb6:11033:51)
    at recursivelyTraversePassiveMountEffects (http://localhost:30697/node_modules/.vite/deps/react-dom_client.js?v=2a4e4fb6:11010:38)
    at commitPassiveMountOnFiber (http://localhost:30697/node_modules/.vite/deps/react-dom_client.js?v=2a4e4fb6:11201:51)
    at recursivelyTraversePassiveMountEffects (http://localhost:30697/node_modules/.vite/deps/react-dom_client.js?v=2a4e4fb6:11010:38)
    at commitPassiveMountOnFiber (http://localhost:30697/node_modules/.vite/deps/react-dom_client.js?v=2a4e4fb6:11033:51)
    at recursivelyTraversePassiveMountEffects (http://localhost:30697/node_modules/.vite/deps/react-dom_client.js?v=2a4e4fb6:11010:38)
    at commitPassiveMountOnFiber (http://localhost:30697/node_modules/.vite/deps/react-dom_client.js?v=2a4e4fb6:11033:51)
    at recursivelyTraversePassiveMountEffects (http://localhost:30697/node_modules/.vite/deps/react-dom_client.js?v=2a4e4fb6:11010:38)
    at commitPassiveMountOnFiber (http://localhost:30697/node_modules/.vite/deps/react-dom_client.js?v=2a4e4fb6:11201:51)
    at recursivelyTraversePassiveMountEffects (http://localhost:30697/node_modules/.vite/deps/react-dom_client.js?v=2a4e4fb6:11010:38)
    at commitPassiveMountOnFiber (http://localhost:30697/node_modules/.vite/deps/react-dom_client.js?v=2a4e4fb6:11033:51)
    at recursivelyTraversePassiveMountEffects (http://localhost:30697/node_modules/.vite/deps/react-dom_client.js?v=2a4e4fb6:11010:38)
    at commitPassiveMountOnFiber (http://localhost:30697/node_modules/.vite/deps/react-dom_client.js?v=2a4e4fb6:11055:51)
    at recursivelyTraversePassiveMountEffects (http://localhost:30697/node_modules/.vite/deps/react-dom_client.js?v=2a4e4fb6:11010:38)
    at commitPassiveMountOnFiber (http://localhost:30697/node_modules/.vite/deps/react-dom_client.js?v=2a4e4fb6:11033:51)
    at recursivelyTraversePassiveMountEffects (http://localhost:30697/node_modules/.vite/deps/react-dom_client.js?v=2a4e4fb6:11010:38)
    at commitPassiveMountOnFiber (http://localhost:30697/node_modules/.vite/deps/react-dom_client.js?v=2a4e4fb6:11201:51)
    at recursivelyTraversePassiveMountEffects (http://localhost:30697/node_modules/.vite/deps/react-dom_client.js?v=2a4e4fb6:11010:38)
    at commitPassiveMountOnFiber (http://localhost:30697/node_modules/.vite/deps/react-dom_client.js?v=2a4e4fb6:11201:51)
    at recursivelyTraversePassiveMountEffects (http://localhost:30697/node_modules/.vite/deps/react-dom_client.js?v=2a4e4fb6:11010:38)
    at commitPassiveMountOnFiber (http://localhost:30697/node_modules/.vite/deps/react-dom_client.js?v=2a4e4fb6:11033:51)
    at recursivelyTraversePassiveMountEffects (http://localhost:30697/node_modules/.vite/deps/react-dom_client.js?v=2a4e4fb6:11010:38)
    at commitPassiveMountOnFiber (http://localhost:30697/node_modules/.vite/deps/react-dom_client.js?v=2a4e4fb6:11201:51)
    at recursivelyTraversePassiveMountEffects (http://localhost:30697/node_modules/.vite/deps/react-dom_client.js?v=2a4e4fb6:11010:38)
    at commitPassiveMountOnFiber (http://localhost:30697/node_modules/.vite/deps/react-dom_client.js?v=2a4e4fb6:11201:51)
    at recursivelyTraversePassiveMountEffects (http://localhost:30697/node_modules/.vite/deps/react-dom_client.js?v=2a4e4fb6:11010:38)
    at commitPassiveMountOnFiber (http://localhost:30697/node_modules/.vite/deps/react-dom_client.js?v=2a4e4fb6:11201:51)
    at recursivelyTraversePassiveMountEffects (http://localhost:30697/node_modules/.vite/deps/react-dom_client.js?v=2a4e4fb6:11010:38)
    at commitPassiveMountOnFiber (http://localhost:30697/node_modules/.vite/deps/react-dom_client.js?v=2a4e4fb6:11201:51)
    at recursivelyTraversePassiveMountEffects (http://localhost:30697/node_modules/.vite/deps/react-dom_client.js?v=2a4e4fb6:11010:38)
    at commitPassiveMountOnFiber (http://localhost:30697/node_modules/.vite/deps/react-dom_client.js?v=2a4e4fb6:11033:51)
    at recursivelyTraversePassiveMountEffects (http://localhost:30697/node_modules/.vite/deps/react-dom_client.js?v=2a4e4fb6:11010:38)
    at commitPassiveMountOnFiber (http://localhost:30697/node_modules/.vite/deps/react-dom_client.js?v=2a4e4fb6:11033:51)
    at recursivelyTraversePassiveMountEffects (http://localhost:30697/node_modules/.vite/deps/react-dom_client.js?v=2a4e4fb6:11010:38)
    at commitPassiveMountOnFiber (http://localhost:30697/node_modules/.vite/deps/react-dom_client.js?v=2a4e4fb6:11201:51)
    at recursivelyTraversePassiveMountEffects (http://localhost:30697/node_modules/.vite/deps/react-dom_client.js?v=2a4e4fb6:11010:38)
    at commitPassiveMountOnFiber (http://localhost:30697/node_modules/.vite/deps/react-dom_client.js?v=2a4e4fb6:11066:51)
    at flushPassiveEffects (http://localhost:30697/node_modules/.vite/deps/react-dom_client.js?v=2a4e4fb6:13150:36)
    at node_modules/react-dom/cjs/react-dom-client.development.js/commitRoot/< (http://localhost:30697/node_modules/.vite/deps/react-dom_client.js?v=2a4e4fb6:12776:13)
    at performWorkUntilDeadline (http://localhost:30697/node_modules/.vite/deps/react-dom_client.js?v=2a4e4fb6:36:58)
    at EventHandlerNonNull*node_modules/scheduler/cjs/scheduler.development.js/< (http://localhost:30697/node_modules/.vite/deps/react-dom_client.js?v=2a4e4fb6:156:9)
    at node_modules/scheduler/cjs/scheduler.development.js (http://localhost:30697/node_modules/.vite/deps/react-dom_client.js?v=2a4e4fb6:266:7)
    at __require (http://localhost:30697/node_modules/.vite/deps/chunk-V4OQ3NZ2.js?v=2a4e4fb6:11:50)
    at node_modules/scheduler/index.js (http://localhost:30697/node_modules/.vite/deps/react-dom_client.js?v=2a4e4fb6:277:24)
    at __require (http://localhost:30697/node_modules/.vite/deps/chunk-V4OQ3NZ2.js?v=2a4e4fb6:11:50)
    at node_modules/react-dom/cjs/react-dom-client.development.js/< (http://localhost:30697/node_modules/.vite/deps/react-dom_client.js?v=2a4e4fb6:17259:23)
    at node_modules/react-dom/cjs/react-dom-client.development.js (http://localhost:30697/node_modules/.vite/deps/react-dom_client.js?v=2a4e4fb6:20177:7)
    at __require (http://localhost:30697/node_modules/.vite/deps/chunk-V4OQ3NZ2.js?v=2a4e4fb6:11:50)
    at node_modules/react-dom/client.js (http://localhost:30697/node_modules/.vite/deps/react-dom_client.js?v=2a4e4fb6:20188:24)
    at __require (http://localhost:30697/node_modules/.vite/deps/chunk-V4OQ3NZ2.js?v=2a4e4fb6:11:50)
    at  (http://localhost:30697/node_modules/.vite/deps/react-dom_client.js?v=2a4e4fb6:20192:16)
[    1607ms] [ERROR] [JavaScript Error: "Firefox can’t establish a connection to the server at ws://localhost:30697/api/v1/workspaces/019c3929-726c-7dbc-8bdd-5b7efccd86dc/presence." {file: "http://localhost:30697/src/pages/Workspace/hooks/presence/usePresenceChannel.ts" line: 153}] @ http://localhost:30697/src/pages/Workspace/hooks/presence/usePresenceChannel.ts:153
[    1607ms] [ERROR] [JavaScript Error: "Firefox can’t establish a connection to the server at ws://localhost:30697/api/v1/workspaces/019c3929-726c-7dbc-8bdd-5b7efccd86dc/presence." {file: "http://localhost:30697/src/pages/Workspace/hooks/presence/usePresenceChannel.ts" line: 153}] @ http://localhost:30697/src/pages/Workspace/hooks/presence/usePresenceChannel.ts:153
[    1607ms] [ERROR] [JavaScript Error: "The connection to ws://localhost:30697/api/v1/workspaces/019c3929-726c-7dbc-8bdd-5b7efccd86dc/presence was interrupted while the page was loading." {file: "http://localhost:30697/src/pages/Workspace/hooks/presence/usePresenceChannel.ts" line: 153}] @ http://localhost:30697/src/pages/Workspace/hooks/presence/usePresenceChannel.ts:153
[    1628ms] [ERROR] [JavaScript Error: "The connection to ws://localhost:30697/api/v1/workspaces/019c3929-726c-7dbc-8bdd-5b7efccd86dc/presence was interrupted while the page was loading." {file: "http://localhost:30697/src/pages/Workspace/hooks/presence/usePresenceChannel.ts" line: 153}] @ http://localhost:30697/src/pages/Workspace/hooks/presence/usePresenceChannel.ts:153
[  139859ms] [ERROR] [JavaScript Error: "Firefox can’t establish a connection to the server at ws://localhost:30697/api/v1/workspaces/019c3929-726c-7dbc-8bdd-5b7efccd86dc/presence." {file: "http://localhost:30697/src/pages/Workspace/hooks/presence/usePresenceChannel.ts" line: 153}] @ http://localhost:30697/src/pages/Workspace/hooks/presence/usePresenceChannel.ts:153
[  142175ms] [ERROR] [JavaScript Error: "Firefox can’t establish a connection to the server at ws://localhost:30697/api/v1/workspaces/019c3929-726c-7dbc-8bdd-5b7efccd86dc/presence." {file: "http://localhost:30697/src/pages/Workspace/hooks/presence/usePresenceChannel.ts" line: 153}] @ http://localhost:30697/src/pages/Workspace/hooks/presence/usePresenceChannel.ts:153
[  147698ms] [ERROR] [JavaScript Error: "Firefox can’t establish a connection to the server at ws://localhost:30697/api/v1/workspaces/019c3929-726c-7dbc-8bdd-5b7efccd86dc/presence." {file: "http://localhost:30697/src/pages/Workspace/hooks/presence/usePresenceChannel.ts" line: 153}] @ http://localhost:30697/src/pages/Workspace/hooks/presence/usePresenceChannel.ts:153
[  152556ms] RangeError: invalid language tag: "undefined"
    at handleError (http://localhost:30697/node_modules/.vite/deps/chunk-67IYA7EK.js?v=2a4e4fb6:744:13)
    at runUpdates (http://localhost:30697/node_modules/.vite/deps/chunk-67IYA7EK.js?v=2a4e4fb6:569:16)
    at completeLoad (http://localhost:30697/node_modules/.vite/deps/chunk-67IYA7EK.js?v=2a4e4fb6:158:15)
    at loadEnd (http://localhost:30697/node_modules/.vite/deps/chunk-67IYA7EK.js?v=2a4e4fb6:153:26)
    at createResource/load/< (http://localhost:30697/node_modules/.vite/deps/chunk-67IYA7EK.js?v=2a4e4fb6:223:71)
    at promise callback*load (http://localhost:30697/node_modules/.vite/deps/chunk-67IYA7EK.js?v=2a4e4fb6:223:14)
    at createResource (http://localhost:30697/node_modules/.vite/deps/chunk-67IYA7EK.js?v=2a4e4fb6:249:12)
    at wrap (http://localhost:30697/node_modules/.vite/deps/chunk-67IYA7EK.js?v=2a4e4fb6:1103:33)
    at createComponent/< (http://localhost:30697/node_modules/.vite/deps/chunk-67IYA7EK.js?v=2a4e4fb6:935:28)
    at untrack (http://localhost:30697/node_modules/.vite/deps/chunk-67IYA7EK.js?v=2a4e4fb6:259:58)
    at createComponent (http://localhost:30697/node_modules/.vite/deps/chunk-67IYA7EK.js?v=2a4e4fb6:935:10)
    at mount/dispose< (http://localhost:30697/node_modules/.vite/deps/@tanstack_react-query-devtools.js?v=2a4e4fb6:111:14)
    at render/< (http://localhost:30697/node_modules/.vite/deps/chunk-67IYA7EK.js?v=2a4e4fb6:1369:53)
    at createRoot/updateFn< (http://localhost:30697/node_modules/.vite/deps/chunk-67IYA7EK.js?v=2a4e4fb6:61:40)
    at runUpdates (http://localhost:30697/node_modules/.vite/deps/chunk-67IYA7EK.js?v=2a4e4fb6:563:17)
    at createRoot (http://localhost:30697/node_modules/.vite/deps/chunk-67IYA7EK.js?v=2a4e4fb6:65:12)
    at render (http://localhost:30697/node_modules/.vite/deps/chunk-67IYA7EK.js?v=2a4e4fb6:1367:13)
    at mount (http://localhost:30697/node_modules/.vite/deps/@tanstack_react-query-devtools.js?v=2a4e4fb6:94:27)
    at ReactQueryDevtools/< (http://localhost:30697/node_modules/.vite/deps/@tanstack_react-query-devtools.js?v=2a4e4fb6:356:16)
    at react_stack_bottom_frame (http://localhost:30697/node_modules/.vite/deps/react-dom_client.js?v=2a4e4fb6:18567:20)
    at runWithFiberInDEV (http://localhost:30697/node_modules/.vite/deps/react-dom_client.js?v=2a4e4fb6:999:15)
    at commitHookEffectListMount (http://localhost:30697/node_modules/.vite/deps/react-dom_client.js?v=2a4e4fb6:9411:163)
    at commitHookPassiveMountEffects (http://localhost:30697/node_modules/.vite/deps/react-dom_client.js?v=2a4e4fb6:9465:60)
    at commitPassiveMountOnFiber (http://localhost:30697/node_modules/.vite/deps/react-dom_client.js?v=2a4e4fb6:11040:29)
    at recursivelyTraversePassiveMountEffects (http://localhost:30697/node_modules/.vite/deps/react-dom_client.js?v=2a4e4fb6:11010:38)
    at commitPassiveMountOnFiber (http://localhost:30697/node_modules/.vite/deps/react-dom_client.js?v=2a4e4fb6:11201:51)
    at recursivelyTraversePassiveMountEffects (http://localhost:30697/node_modules/.vite/deps/react-dom_client.js?v=2a4e4fb6:11010:38)
    at commitPassiveMountOnFiber (http://localhost:30697/node_modules/.vite/deps/react-dom_client.js?v=2a4e4fb6:11033:51)
    at recursivelyTraversePassiveMountEffects (http://localhost:30697/node_modules/.vite/deps/react-dom_client.js?v=2a4e4fb6:11010:38)
    at commitPassiveMountOnFiber (http://localhost:30697/node_modules/.vite/deps/react-dom_client.js?v=2a4e4fb6:11201:51)
    at recursivelyTraversePassiveMountEffects (http://localhost:30697/node_modules/.vite/deps/react-dom_client.js?v=2a4e4fb6:11010:38)
    at commitPassiveMountOnFiber (http://localhost:30697/node_modules/.vite/deps/react-dom_client.js?v=2a4e4fb6:11033:51)
    at recursivelyTraversePassiveMountEffects (http://localhost:30697/node_modules/.vite/deps/react-dom_client.js?v=2a4e4fb6:11010:38)
    at commitPassiveMountOnFiber (http://localhost:30697/node_modules/.vite/deps/react-dom_client.js?v=2a4e4fb6:11201:51)
    at recursivelyTraversePassiveMountEffects (http://localhost:30697/node_modules/.vite/deps/react-dom_client.js?v=2a4e4fb6:11010:38)
    at commitPassiveMountOnFiber (http://localhost:30697/node_modules/.vite/deps/react-dom_client.js?v=2a4e4fb6:11033:51)
    at recursivelyTraversePassiveMountEffects (http://localhost:30697/node_modules/.vite/deps/react-dom_client.js?v=2a4e4fb6:11010:38)
    at commitPassiveMountOnFiber (http://localhost:30697/node_modules/.vite/deps/react-dom_client.js?v=2a4e4fb6:11033:51)
    at recursivelyTraversePassiveMountEffects (http://localhost:30697/node_modules/.vite/deps/react-dom_client.js?v=2a4e4fb6:11010:38)
    at commitPassiveMountOnFiber (http://localhost:30697/node_modules/.vite/deps/react-dom_client.js?v=2a4e4fb6:11201:51)
    at recursivelyTraversePassiveMountEffects (http://localhost:30697/node_modules/.vite/deps/react-dom_client.js?v=2a4e4fb6:11010:38)
    at commitPassiveMountOnFiber (http://localhost:30697/node_modules/.vite/deps/react-dom_client.js?v=2a4e4fb6:11033:51)
    at recursivelyTraversePassiveMountEffects (http://localhost:30697/node_modules/.vite/deps/react-dom_client.js?v=2a4e4fb6:11010:38)
    at commitPassiveMountOnFiber (http://localhost:30697/node_modules/.vite/deps/react-dom_client.js?v=2a4e4fb6:11033:51)
    at recursivelyTraversePassiveMountEffects (http://localhost:30697/node_modules/.vite/deps/react-dom_client.js?v=2a4e4fb6:11010:38)
    at commitPassiveMountOnFiber (http://localhost:30697/node_modules/.vite/deps/react-dom_client.js?v=2a4e4fb6:11201:51)
    at recursivelyTraversePassiveMountEffects (http://localhost:30697/node_modules/.vite/deps/react-dom_client.js?v=2a4e4fb6:11010:38)
    at commitPassiveMountOnFiber (http://localhost:30697/node_modules/.vite/deps/react-dom_client.js?v=2a4e4fb6:11033:51)
    at recursivelyTraversePassiveMountEffects (http://localhost:30697/node_modules/.vite/deps/react-dom_client.js?v=2a4e4fb6:11010:38)
    at commitPassiveMountOnFiber (http://localhost:30697/node_modules/.vite/deps/react-dom_client.js?v=2a4e4fb6:11055:51)
    at recursivelyTraversePassiveMountEffects (http://localhost:30697/node_modules/.vite/deps/react-dom_client.js?v=2a4e4fb6:11010:38)
    at commitPassiveMountOnFiber (http://localhost:30697/node_modules/.vite/deps/react-dom_client.js?v=2a4e4fb6:11033:51)
    at recursivelyTraversePassiveMountEffects (http://localhost:30697/node_modules/.vite/deps/react-dom_client.js?v=2a4e4fb6:11010:38)
    at commitPassiveMountOnFiber (http://localhost:30697/node_modules/.vite/deps/react-dom_client.js?v=2a4e4fb6:11201:51)
    at recursivelyTraversePassiveMountEffects (http://localhost:30697/node_modules/.vite/deps/react-dom_client.js?v=2a4e4fb6:11010:38)
    at commitPassiveMountOnFiber (http://localhost:30697/node_modules/.vite/deps/react-dom_client.js?v=2a4e4fb6:11201:51)
    at recursivelyTraversePassiveMountEffects (http://localhost:30697/node_modules/.vite/deps/react-dom_client.js?v=2a4e4fb6:11010:38)
    at commitPassiveMountOnFiber (http://localhost:30697/node_modules/.vite/deps/react-dom_client.js?v=2a4e4fb6:11033:51)
    at recursivelyTraversePassiveMountEffects (http://localhost:30697/node_modules/.vite/deps/react-dom_client.js?v=2a4e4fb6:11010:38)
    at commitPassiveMountOnFiber (http://localhost:30697/node_modules/.vite/deps/react-dom_client.js?v=2a4e4fb6:11201:51)
    at recursivelyTraversePassiveMountEffects (http://localhost:30697/node_modules/.vite/deps/react-dom_client.js?v=2a4e4fb6:11010:38)
    at commitPassiveMountOnFiber (http://localhost:30697/node_modules/.vite/deps/react-dom_client.js?v=2a4e4fb6:11201:51)
    at recursivelyTraversePassiveMountEffects (http://localhost:30697/node_modules/.vite/deps/react-dom_client.js?v=2a4e4fb6:11010:38)
    at commitPassiveMountOnFiber (http://localhost:30697/node_modules/.vite/deps/react-dom_client.js?v=2a4e4fb6:11201:51)
    at recursivelyTraversePassiveMountEffects (http://localhost:30697/node_modules/.vite/deps/react-dom_client.js?v=2a4e4fb6:11010:38)
    at commitPassiveMountOnFiber (http://localhost:30697/node_modules/.vite/deps/react-dom_client.js?v=2a4e4fb6:11201:51)
    at recursivelyTraversePassiveMountEffects (http://localhost:30697/node_modules/.vite/deps/react-dom_client.js?v=2a4e4fb6:11010:38)
    at commitPassiveMountOnFiber (http://localhost:30697/node_modules/.vite/deps/react-dom_client.js?v=2a4e4fb6:11033:51)
    at recursivelyTraversePassiveMountEffects (http://localhost:30697/node_modules/.vite/deps/react-dom_client.js?v=2a4e4fb6:11010:38)
    at commitPassiveMountOnFiber (http://localhost:30697/node_modules/.vite/deps/react-dom_client.js?v=2a4e4fb6:11033:51)
    at recursivelyTraversePassiveMountEffects (http://localhost:30697/node_modules/.vite/deps/react-dom_client.js?v=2a4e4fb6:11010:38)
    at commitPassiveMountOnFiber (http://localhost:30697/node_modules/.vite/deps/react-dom_client.js?v=2a4e4fb6:11201:51)
    at recursivelyTraversePassiveMountEffects (http://localhost:30697/node_modules/.vite/deps/react-dom_client.js?v=2a4e4fb6:11010:38)
    at commitPassiveMountOnFiber (http://localhost:30697/node_modules/.vite/deps/react-dom_client.js?v=2a4e4fb6:11066:51)
    at flushPassiveEffects (http://localhost:30697/node_modules/.vite/deps/react-dom_client.js?v=2a4e4fb6:13150:36)
    at node_modules/react-dom/cjs/react-dom-client.development.js/commitRoot/< (http://localhost:30697/node_modules/.vite/deps/react-dom_client.js?v=2a4e4fb6:12776:13)
    at performWorkUntilDeadline (http://localhost:30697/node_modules/.vite/deps/react-dom_client.js?v=2a4e4fb6:36:58)
    at EventHandlerNonNull*node_modules/scheduler/cjs/scheduler.development.js/< (http://localhost:30697/node_modules/.vite/deps/react-dom_client.js?v=2a4e4fb6:156:9)
    at node_modules/scheduler/cjs/scheduler.development.js (http://localhost:30697/node_modules/.vite/deps/react-dom_client.js?v=2a4e4fb6:266:7)
    at __require (http://localhost:30697/node_modules/.vite/deps/chunk-V4OQ3NZ2.js?v=2a4e4fb6:11:50)
    at node_modules/scheduler/index.js (http://localhost:30697/node_modules/.vite/deps/react-dom_client.js?v=2a4e4fb6:277:24)
    at __require (http://localhost:30697/node_modules/.vite/deps/chunk-V4OQ3NZ2.js?v=2a4e4fb6:11:50)
    at node_modules/react-dom/cjs/react-dom-client.development.js/< (http://localhost:30697/node_modules/.vite/deps/react-dom_client.js?v=2a4e4fb6:17259:23)
    at node_modules/react-dom/cjs/react-dom-client.development.js (http://localhost:30697/node_modules/.vite/deps/react-dom_client.js?v=2a4e4fb6:20177:7)
    at __require (http://localhost:30697/node_modules/.vite/deps/chunk-V4OQ3NZ2.js?v=2a4e4fb6:11:50)
    at node_modules/react-dom/client.js (http://localhost:30697/node_modules/.vite/deps/react-dom_client.js?v=2a4e4fb6:20188:24)
    at __require (http://localhost:30697/node_modules/.vite/deps/chunk-V4OQ3NZ2.js?v=2a4e4fb6:11:50)
    at  (http://localhost:30697/node_modules/.vite/deps/react-dom_client.js?v=2a4e4fb6:20192:16)
[  152978ms] [ERROR] [JavaScript Error: "Firefox can’t establish a connection to the server at ws://localhost:30697/api/v1/workspaces/019c3929-726c-7dbc-8bdd-5b7efccd86dc/presence." {file: "http://localhost:30697/src/pages/Workspace/hooks/presence/usePresenceChannel.ts" line: 153}] @ http://localhost:30697/src/pages/Workspace/hooks/presence/usePresenceChannel.ts:153
[  152979ms] [ERROR] [JavaScript Error: "Firefox can’t establish a connection to the server at ws://localhost:30697/api/v1/workspaces/019c3929-726c-7dbc-8bdd-5b7efccd86dc/presence." {file: "http://localhost:30697/src/pages/Workspace/hooks/presence/usePresenceChannel.ts" line: 153}] @ http://localhost:30697/src/pages/Workspace/hooks/presence/usePresenceChannel.ts:153
[  152979ms] [ERROR] [JavaScript Error: "The connection to ws://localhost:30697/api/v1/workspaces/019c3929-726c-7dbc-8bdd-5b7efccd86dc/presence was interrupted while the page was loading." {file: "http://localhost:30697/src/pages/Workspace/hooks/presence/usePresenceChannel.ts" line: 153}] @ http://localhost:30697/src/pages/Workspace/hooks/presence/usePresenceChannel.ts:153
[  152998ms] [ERROR] [JavaScript Error: "The connection to ws://localhost:30697/api/v1/workspaces/019c3929-726c-7dbc-8bdd-5b7efccd86dc/presence was interrupted while the page was loading." {file: "http://localhost:30697/src/pages/Workspace/hooks/presence/usePresenceChannel.ts" line: 153}] @ http://localhost:30697/src/pages/Workspace/hooks/presence/usePresenceChannel.ts:153
