(.venv) jkropp@JKROPP-M11:~/automatic-data-extractor$ ade start
🚀 Starting ADE backend on http://0.0.0.0:8000
↪️  /home/jkropp/automatic-data-extractor/.venv/bin/uvicorn ade_api.main:create_app --factory --host 0.0.0.0 --port 8000
2025-11-27T22:26:19.490Z INFO  ade_api.main [cid=-] ade_api.startup logging_level=DEBUG safe_mode=False auth_disabled=True debug=False version=0.2.0
2025-11-27T22:26:19.491Z WARNING ade_api.main [cid=-] auth.disabled auth_disabled=True
2025-11-27T22:26:19.655Z INFO  ade_api.main [cid=-] ade_api.startup logging_level=DEBUG safe_mode=False auth_disabled=True debug=False version=0.2.0
2025-11-27T22:26:19.655Z WARNING ade_api.main [cid=-] auth.disabled auth_disabled=True
2025-11-27T22:26:19.807Z INFO  uvicorn.error [cid=-] Started server process [66542]
2025-11-27T22:26:19.807Z INFO  uvicorn.error [cid=-] Waiting for application startup.
2025-11-27T22:26:21.025Z INFO  alembic.runtime.migration [cid=-] Context impl MSSQLImpl.
2025-11-27T22:26:21.025Z INFO  alembic.runtime.migration [cid=-] Will assume transactional DDL.
2025-11-27T22:26:21.279Z INFO  ade_api.features.roles.service [cid=-] roles.registry.sync.start
2025-11-27T22:26:23.382Z INFO  ade_api.features.roles.service [cid=-] roles.registry.sync.success permission_count=22 system_role_count=4
2025-11-27T22:26:23.446Z INFO  uvicorn.error [cid=-] Application startup complete.
2025-11-27T22:26:23.447Z INFO  uvicorn.error [cid=-] Uvicorn running on http://0.0.0.0:8000 (Press CTRL+C to quit)
2025-11-27T22:26:32.429Z DEBUG ade_api.features.auth.service [cid=10a1848c-bf30-4d6a-a218-26ded971a5b3] auth.dev_identity.ensure.start user_email=developer@example.test display_name=Development User
2025-11-27T22:26:32.430Z DEBUG ade_api.features.auth.service [cid=22b91ede-49aa-4594-ad86-d1c4d858f9df] auth.dev_identity.ensure.start user_email=developer@example.test display_name=Development User
2025-11-27T22:26:33.437Z DEBUG ade_api.features.roles.service [cid=10a1848c-bf30-4d6a-a218-26ded971a5b3] roles.global.get_by_slug.start slug=global-administrator
2025-11-27T22:26:33.530Z DEBUG ade_api.features.roles.service [cid=10a1848c-bf30-4d6a-a218-26ded971a5b3] roles.global.get_by_slug.completed slug=global-administrator found=True
2025-11-27T22:26:33.588Z DEBUG ade_api.features.roles.service [cid=10a1848c-bf30-4d6a-a218-26ded971a5b3] roles.assignments.assign_global.start user_id=01KB3PAN065656CT9G01WM9DE8 role_id=01KB3P9G0WG2PNEJSSGTG16S09
2025-11-27T22:26:33.588Z DEBUG ade_api.features.roles.service [cid=10a1848c-bf30-4d6a-a218-26ded971a5b3] roles.principal.ensure.cached user_id=01KB3PAN065656CT9G01WM9DE8 principal_id=01KB3PAP03C0C2QM3KNXK08ZGT
2025-11-27T22:26:33.588Z DEBUG ade_api.features.roles.service [cid=10a1848c-bf30-4d6a-a218-26ded971a5b3] roles.assignments.assign.start principal_id=01KB3PAP03C0C2QM3KNXK08ZGT role_id=01KB3P9G0WG2PNEJSSGTG16S09 scope_type=global scope_id=null
2025-11-27T22:26:33.721Z DEBUG ade_api.features.roles.service [cid=10a1848c-bf30-4d6a-a218-26ded971a5b3] roles.assignments.assign.already_exists assignment_id=01KB3PAPGTKQ1XM0KYGJRFXM5N principal_id=01KB3PAP03C0C2QM3KNXK08ZGT role_id=01KB3P9G0WG2PNEJSSGTG16S09 scope_type=global scope_id=null
2025-11-27T22:26:33.721Z INFO  ade_api.features.roles.service [cid=10a1848c-bf30-4d6a-a218-26ded971a5b3] roles.assignments.assign_global.success user_id=01KB3PAN065656CT9G01WM9DE8 assignment_id=01KB3PAPGTKQ1XM0KYGJRFXM5N principal_id=01KB3PAP03C0C2QM3KNXK08ZGT role_id=01KB3P9G0WG2PNEJSSGTG16S09
2025-11-27T22:26:33.721Z DEBUG ade_api.features.roles.service [cid=10a1848c-bf30-4d6a-a218-26ded971a5b3] roles.principal.ensure.cached user_id=01KB3PAN065656CT9G01WM9DE8 principal_id=01KB3PAP03C0C2QM3KNXK08ZGT
2025-11-27T22:26:33.721Z INFO  ade_api.features.auth.service [cid=10a1848c-bf30-4d6a-a218-26ded971a5b3] auth.dev_identity.ensure.success user_id=01KB3PAN065656CT9G01WM9DE8 user_email=developer@example.test user_created=False is_service_account=False
2025-11-27T22:26:33.722Z DEBUG ade_api.features.auth.service [cid=10a1848c-bf30-4d6a-a218-26ded971a5b3] auth.dev_identity.ensure.start user_email=developer@example.test display_name=Development User
2025-11-27T22:26:33.971Z DEBUG ade_api.features.roles.service [cid=22b91ede-49aa-4594-ad86-d1c4d858f9df] roles.global.get_by_slug.start slug=global-administrator
2025-11-27T22:26:34.037Z DEBUG ade_api.features.roles.service [cid=22b91ede-49aa-4594-ad86-d1c4d858f9df] roles.global.get_by_slug.completed slug=global-administrator found=True
2025-11-27T22:26:34.109Z DEBUG ade_api.features.roles.service [cid=22b91ede-49aa-4594-ad86-d1c4d858f9df] roles.assignments.assign_global.start user_id=01KB3PAN065656CT9G01WM9DE8 role_id=01KB3P9G0WG2PNEJSSGTG16S09
2025-11-27T22:26:34.109Z DEBUG ade_api.features.roles.service [cid=22b91ede-49aa-4594-ad86-d1c4d858f9df] roles.principal.ensure.cached user_id=01KB3PAN065656CT9G01WM9DE8 principal_id=01KB3PAP03C0C2QM3KNXK08ZGT
2025-11-27T22:26:34.109Z DEBUG ade_api.features.roles.service [cid=22b91ede-49aa-4594-ad86-d1c4d858f9df] roles.assignments.assign.start principal_id=01KB3PAP03C0C2QM3KNXK08ZGT role_id=01KB3P9G0WG2PNEJSSGTG16S09 scope_type=global scope_id=null
2025-11-27T22:26:34.237Z DEBUG ade_api.features.roles.service [cid=22b91ede-49aa-4594-ad86-d1c4d858f9df] roles.assignments.assign.already_exists assignment_id=01KB3PAPGTKQ1XM0KYGJRFXM5N principal_id=01KB3PAP03C0C2QM3KNXK08ZGT role_id=01KB3P9G0WG2PNEJSSGTG16S09 scope_type=global scope_id=null
2025-11-27T22:26:34.238Z INFO  ade_api.features.roles.service [cid=22b91ede-49aa-4594-ad86-d1c4d858f9df] roles.assignments.assign_global.success user_id=01KB3PAN065656CT9G01WM9DE8 assignment_id=01KB3PAPGTKQ1XM0KYGJRFXM5N principal_id=01KB3PAP03C0C2QM3KNXK08ZGT role_id=01KB3P9G0WG2PNEJSSGTG16S09
2025-11-27T22:26:34.238Z DEBUG ade_api.features.roles.service [cid=22b91ede-49aa-4594-ad86-d1c4d858f9df] roles.principal.ensure.cached user_id=01KB3PAN065656CT9G01WM9DE8 principal_id=01KB3PAP03C0C2QM3KNXK08ZGT
2025-11-27T22:26:34.238Z INFO  ade_api.features.auth.service [cid=22b91ede-49aa-4594-ad86-d1c4d858f9df] auth.dev_identity.ensure.success user_id=01KB3PAN065656CT9G01WM9DE8 user_email=developer@example.test user_created=False is_service_account=False
2025-11-27T22:26:34.238Z DEBUG ade_api.features.workspaces.service [cid=22b91ede-49aa-4594-ad86-d1c4d858f9df] workspace.profile.start workspace_id=01KB3PCJ608XP61TSQX5PREX1G user_id=01KB3PAN065656CT9G01WM9DE8
2025-11-27T22:26:34.727Z DEBUG ade_api.features.roles.service [cid=22b91ede-49aa-4594-ad86-d1c4d858f9df] roles.permissions.global.for_principal.start user_id=01KB3PAN065656CT9G01WM9DE8 principal_id=01KB3PAP03C0C2QM3KNXK08ZGT
2025-11-27T22:26:34.801Z DEBUG ade_api.features.roles.service [cid=22b91ede-49aa-4594-ad86-d1c4d858f9df] roles.permissions.global.for_principal.success user_id=01KB3PAN065656CT9G01WM9DE8 principal_id=01KB3PAP03C0C2QM3KNXK08ZGT permission_count=9
2025-11-27T22:26:34.997Z INFO  ade_api.features.workspaces.service [cid=22b91ede-49aa-4594-ad86-d1c4d858f9df] workspace.profile.global_admin workspace_id=01KB3PCJ608XP61TSQX5PREX1G user_id=01KB3PAN065656CT9G01WM9DE8 roles=['workspace-owner'] permissions=13
2025-11-27T22:26:34.998Z DEBUG ade_api.features.auth.service [cid=22b91ede-49aa-4594-ad86-d1c4d858f9df] auth.dev_identity.ensure.start user_email=developer@example.test display_name=Development User
2025-11-27T22:26:35.136Z DEBUG ade_api.features.roles.service [cid=10a1848c-bf30-4d6a-a218-26ded971a5b3] roles.global.get_by_slug.start slug=global-administrator
2025-11-27T22:26:35.204Z DEBUG ade_api.features.roles.service [cid=10a1848c-bf30-4d6a-a218-26ded971a5b3] roles.global.get_by_slug.completed slug=global-administrator found=True
2025-11-27T22:26:35.265Z DEBUG ade_api.features.roles.service [cid=10a1848c-bf30-4d6a-a218-26ded971a5b3] roles.assignments.assign_global.start user_id=01KB3PAN065656CT9G01WM9DE8 role_id=01KB3P9G0WG2PNEJSSGTG16S09
2025-11-27T22:26:35.265Z DEBUG ade_api.features.roles.service [cid=10a1848c-bf30-4d6a-a218-26ded971a5b3] roles.principal.ensure.cached user_id=01KB3PAN065656CT9G01WM9DE8 principal_id=01KB3PAP03C0C2QM3KNXK08ZGT
2025-11-27T22:26:35.265Z DEBUG ade_api.features.roles.service [cid=10a1848c-bf30-4d6a-a218-26ded971a5b3] roles.assignments.assign.start principal_id=01KB3PAP03C0C2QM3KNXK08ZGT role_id=01KB3P9G0WG2PNEJSSGTG16S09 scope_type=global scope_id=null
2025-11-27T22:26:35.391Z DEBUG ade_api.features.roles.service [cid=10a1848c-bf30-4d6a-a218-26ded971a5b3] roles.assignments.assign.already_exists assignment_id=01KB3PAPGTKQ1XM0KYGJRFXM5N principal_id=01KB3PAP03C0C2QM3KNXK08ZGT role_id=01KB3P9G0WG2PNEJSSGTG16S09 scope_type=global scope_id=null
2025-11-27T22:26:35.391Z INFO  ade_api.features.roles.service [cid=10a1848c-bf30-4d6a-a218-26ded971a5b3] roles.assignments.assign_global.success user_id=01KB3PAN065656CT9G01WM9DE8 assignment_id=01KB3PAPGTKQ1XM0KYGJRFXM5N principal_id=01KB3PAP03C0C2QM3KNXK08ZGT role_id=01KB3P9G0WG2PNEJSSGTG16S09
2025-11-27T22:26:35.391Z DEBUG ade_api.features.roles.service [cid=10a1848c-bf30-4d6a-a218-26ded971a5b3] roles.principal.ensure.cached user_id=01KB3PAN065656CT9G01WM9DE8 principal_id=01KB3PAP03C0C2QM3KNXK08ZGT
2025-11-27T22:26:35.391Z INFO  ade_api.features.auth.service [cid=10a1848c-bf30-4d6a-a218-26ded971a5b3] auth.dev_identity.ensure.success user_id=01KB3PAN065656CT9G01WM9DE8 user_email=developer@example.test user_created=False is_service_account=False
2025-11-27T22:26:35.545Z INFO  ade_api.request [cid=10a1848c-bf30-4d6a-a218-26ded971a5b3] request.complete path=/api/v1/permissions method=GET duration_ms=3118.29 status_code=422
2025-11-27T22:26:35.545Z INFO  uvicorn.access [cid=-] 127.0.0.1:44808 - "GET /api/v1/permissions?scope=global&page_size=200 HTTP/1.1" 422
2025-11-27T22:26:36.303Z DEBUG ade_api.features.roles.service [cid=22b91ede-49aa-4594-ad86-d1c4d858f9df] roles.global.get_by_slug.start slug=global-administrator
2025-11-27T22:26:36.368Z DEBUG ade_api.features.roles.service [cid=22b91ede-49aa-4594-ad86-d1c4d858f9df] roles.global.get_by_slug.completed slug=global-administrator found=True
2025-11-27T22:26:36.433Z DEBUG ade_api.features.roles.service [cid=22b91ede-49aa-4594-ad86-d1c4d858f9df] roles.assignments.assign_global.start user_id=01KB3PAN065656CT9G01WM9DE8 role_id=01KB3P9G0WG2PNEJSSGTG16S09
2025-11-27T22:26:36.434Z DEBUG ade_api.features.roles.service [cid=22b91ede-49aa-4594-ad86-d1c4d858f9df] roles.principal.ensure.cached user_id=01KB3PAN065656CT9G01WM9DE8 principal_id=01KB3PAP03C0C2QM3KNXK08ZGT
2025-11-27T22:26:36.434Z DEBUG ade_api.features.roles.service [cid=22b91ede-49aa-4594-ad86-d1c4d858f9df] roles.assignments.assign.start principal_id=01KB3PAP03C0C2QM3KNXK08ZGT role_id=01KB3P9G0WG2PNEJSSGTG16S09 scope_type=global scope_id=null
2025-11-27T22:26:36.563Z DEBUG ade_api.features.roles.service [cid=22b91ede-49aa-4594-ad86-d1c4d858f9df] roles.assignments.assign.already_exists assignment_id=01KB3PAPGTKQ1XM0KYGJRFXM5N principal_id=01KB3PAP03C0C2QM3KNXK08ZGT role_id=01KB3P9G0WG2PNEJSSGTG16S09 scope_type=global scope_id=null
2025-11-27T22:26:36.563Z INFO  ade_api.features.roles.service [cid=22b91ede-49aa-4594-ad86-d1c4d858f9df] roles.assignments.assign_global.success user_id=01KB3PAN065656CT9G01WM9DE8 assignment_id=01KB3PAPGTKQ1XM0KYGJRFXM5N principal_id=01KB3PAP03C0C2QM3KNXK08ZGT role_id=01KB3P9G0WG2PNEJSSGTG16S09
2025-11-27T22:26:36.563Z DEBUG ade_api.features.roles.service [cid=22b91ede-49aa-4594-ad86-d1c4d858f9df] roles.principal.ensure.cached user_id=01KB3PAN065656CT9G01WM9DE8 principal_id=01KB3PAP03C0C2QM3KNXK08ZGT
2025-11-27T22:26:36.563Z INFO  ade_api.features.auth.service [cid=22b91ede-49aa-4594-ad86-d1c4d858f9df] auth.dev_identity.ensure.success user_id=01KB3PAN065656CT9G01WM9DE8 user_email=developer@example.test user_created=False is_service_account=False
2025-11-27T22:26:36.566Z DEBUG ade_api.features.auth.service [cid=6dbb1330-9d01-4f2f-8e85-ab275b310499] auth.dev_identity.ensure.start user_email=developer@example.test display_name=Development User
2025-11-27T22:26:36.714Z INFO  ade_api.request [cid=22b91ede-49aa-4594-ad86-d1c4d858f9df] request.complete path=/api/v1/workspaces/01KB3PCJ608XP61TSQX5PREX1G/roles method=GET duration_ms=4286.09 status_code=422
2025-11-27T22:26:36.714Z INFO  uvicorn.access [cid=-] 127.0.0.1:44810 - "GET /api/v1/workspaces/01KB3PCJ608XP61TSQX5PREX1G/roles?page_size=200&include_total=true HTTP/1.1" 422
2025-11-27T22:26:37.474Z DEBUG ade_api.features.roles.service [cid=6dbb1330-9d01-4f2f-8e85-ab275b310499] roles.global.get_by_slug.start slug=global-administrator
2025-11-27T22:26:37.542Z DEBUG ade_api.features.roles.service [cid=6dbb1330-9d01-4f2f-8e85-ab275b310499] roles.global.get_by_slug.completed slug=global-administrator found=True
2025-11-27T22:26:37.608Z DEBUG ade_api.features.roles.service [cid=6dbb1330-9d01-4f2f-8e85-ab275b310499] roles.assignments.assign_global.start user_id=01KB3PAN065656CT9G01WM9DE8 role_id=01KB3P9G0WG2PNEJSSGTG16S09
2025-11-27T22:26:37.608Z DEBUG ade_api.features.roles.service [cid=6dbb1330-9d01-4f2f-8e85-ab275b310499] roles.principal.ensure.cached user_id=01KB3PAN065656CT9G01WM9DE8 principal_id=01KB3PAP03C0C2QM3KNXK08ZGT
2025-11-27T22:26:37.608Z DEBUG ade_api.features.roles.service [cid=6dbb1330-9d01-4f2f-8e85-ab275b310499] roles.assignments.assign.start principal_id=01KB3PAP03C0C2QM3KNXK08ZGT role_id=01KB3P9G0WG2PNEJSSGTG16S09 scope_type=global scope_id=null
2025-11-27T22:26:37.736Z DEBUG ade_api.features.roles.service [cid=6dbb1330-9d01-4f2f-8e85-ab275b310499] roles.assignments.assign.already_exists assignment_id=01KB3PAPGTKQ1XM0KYGJRFXM5N principal_id=01KB3PAP03C0C2QM3KNXK08ZGT role_id=01KB3P9G0WG2PNEJSSGTG16S09 scope_type=global scope_id=null
2025-11-27T22:26:37.737Z INFO  ade_api.features.roles.service [cid=6dbb1330-9d01-4f2f-8e85-ab275b310499] roles.assignments.assign_global.success user_id=01KB3PAN065656CT9G01WM9DE8 assignment_id=01KB3PAPGTKQ1XM0KYGJRFXM5N principal_id=01KB3PAP03C0C2QM3KNXK08ZGT role_id=01KB3P9G0WG2PNEJSSGTG16S09
2025-11-27T22:26:37.737Z DEBUG ade_api.features.roles.service [cid=6dbb1330-9d01-4f2f-8e85-ab275b310499] roles.principal.ensure.cached user_id=01KB3PAN065656CT9G01WM9DE8 principal_id=01KB3PAP03C0C2QM3KNXK08ZGT
2025-11-27T22:26:37.737Z INFO  ade_api.features.auth.service [cid=6dbb1330-9d01-4f2f-8e85-ab275b310499] auth.dev_identity.ensure.success user_id=01KB3PAN065656CT9G01WM9DE8 user_email=developer@example.test user_created=False is_service_account=False
2025-11-27T22:26:37.739Z DEBUG ade_api.features.auth.service [cid=a6575c43-3274-4634-9cde-f293f1f9bb30] auth.dev_identity.ensure.start user_email=developer@example.test display_name=Development User
2025-11-27T22:26:37.739Z DEBUG ade_api.features.auth.service [cid=6dbb1330-9d01-4f2f-8e85-ab275b310499] auth.dev_identity.ensure.start user_email=developer@example.test display_name=Development User
2025-11-27T22:26:38.696Z DEBUG ade_api.features.roles.service [cid=6dbb1330-9d01-4f2f-8e85-ab275b310499] roles.global.get_by_slug.start slug=global-administrator
2025-11-27T22:26:38.819Z DEBUG ade_api.features.roles.service [cid=a6575c43-3274-4634-9cde-f293f1f9bb30] roles.global.get_by_slug.start slug=global-administrator
2025-11-27T22:26:38.821Z DEBUG ade_api.features.roles.service [cid=6dbb1330-9d01-4f2f-8e85-ab275b310499] roles.global.get_by_slug.completed slug=global-administrator found=True
2025-11-27T22:26:38.909Z DEBUG ade_api.features.roles.service [cid=6dbb1330-9d01-4f2f-8e85-ab275b310499] roles.assignments.assign_global.start user_id=01KB3PAN065656CT9G01WM9DE8 role_id=01KB3P9G0WG2PNEJSSGTG16S09
2025-11-27T22:26:38.909Z DEBUG ade_api.features.roles.service [cid=6dbb1330-9d01-4f2f-8e85-ab275b310499] roles.principal.ensure.cached user_id=01KB3PAN065656CT9G01WM9DE8 principal_id=01KB3PAP03C0C2QM3KNXK08ZGT
2025-11-27T22:26:38.909Z DEBUG ade_api.features.roles.service [cid=6dbb1330-9d01-4f2f-8e85-ab275b310499] roles.assignments.assign.start principal_id=01KB3PAP03C0C2QM3KNXK08ZGT role_id=01KB3P9G0WG2PNEJSSGTG16S09 scope_type=global scope_id=null
2025-11-27T22:26:38.910Z DEBUG ade_api.features.roles.service [cid=a6575c43-3274-4634-9cde-f293f1f9bb30] roles.global.get_by_slug.completed slug=global-administrator found=True
2025-11-27T22:26:38.973Z DEBUG ade_api.features.roles.service [cid=a6575c43-3274-4634-9cde-f293f1f9bb30] roles.assignments.assign_global.start user_id=01KB3PAN065656CT9G01WM9DE8 role_id=01KB3P9G0WG2PNEJSSGTG16S09
2025-11-27T22:26:38.973Z DEBUG ade_api.features.roles.service [cid=a6575c43-3274-4634-9cde-f293f1f9bb30] roles.principal.ensure.cached user_id=01KB3PAN065656CT9G01WM9DE8 principal_id=01KB3PAP03C0C2QM3KNXK08ZGT
2025-11-27T22:26:38.973Z DEBUG ade_api.features.roles.service [cid=a6575c43-3274-4634-9cde-f293f1f9bb30] roles.assignments.assign.start principal_id=01KB3PAP03C0C2QM3KNXK08ZGT role_id=01KB3P9G0WG2PNEJSSGTG16S09 scope_type=global scope_id=null
2025-11-27T22:26:39.069Z DEBUG ade_api.features.roles.service [cid=6dbb1330-9d01-4f2f-8e85-ab275b310499] roles.assignments.assign.already_exists assignment_id=01KB3PAPGTKQ1XM0KYGJRFXM5N principal_id=01KB3PAP03C0C2QM3KNXK08ZGT role_id=01KB3P9G0WG2PNEJSSGTG16S09 scope_type=global scope_id=null
2025-11-27T22:26:39.069Z INFO  ade_api.features.roles.service [cid=6dbb1330-9d01-4f2f-8e85-ab275b310499] roles.assignments.assign_global.success user_id=01KB3PAN065656CT9G01WM9DE8 assignment_id=01KB3PAPGTKQ1XM0KYGJRFXM5N principal_id=01KB3PAP03C0C2QM3KNXK08ZGT role_id=01KB3P9G0WG2PNEJSSGTG16S09
2025-11-27T22:26:39.069Z DEBUG ade_api.features.roles.service [cid=6dbb1330-9d01-4f2f-8e85-ab275b310499] roles.principal.ensure.cached user_id=01KB3PAN065656CT9G01WM9DE8 principal_id=01KB3PAP03C0C2QM3KNXK08ZGT
2025-11-27T22:26:39.069Z INFO  ade_api.features.auth.service [cid=6dbb1330-9d01-4f2f-8e85-ab275b310499] auth.dev_identity.ensure.success user_id=01KB3PAN065656CT9G01WM9DE8 user_email=developer@example.test user_created=False is_service_account=False
2025-11-27T22:26:39.134Z DEBUG ade_api.features.roles.service [cid=a6575c43-3274-4634-9cde-f293f1f9bb30] roles.assignments.assign.already_exists assignment_id=01KB3PAPGTKQ1XM0KYGJRFXM5N principal_id=01KB3PAP03C0C2QM3KNXK08ZGT role_id=01KB3P9G0WG2PNEJSSGTG16S09 scope_type=global scope_id=null
2025-11-27T22:26:39.134Z INFO  ade_api.features.roles.service [cid=a6575c43-3274-4634-9cde-f293f1f9bb30] roles.assignments.assign_global.success user_id=01KB3PAN065656CT9G01WM9DE8 assignment_id=01KB3PAPGTKQ1XM0KYGJRFXM5N principal_id=01KB3PAP03C0C2QM3KNXK08ZGT role_id=01KB3P9G0WG2PNEJSSGTG16S09
2025-11-27T22:26:39.134Z DEBUG ade_api.features.roles.service [cid=a6575c43-3274-4634-9cde-f293f1f9bb30] roles.principal.ensure.cached user_id=01KB3PAN065656CT9G01WM9DE8 principal_id=01KB3PAP03C0C2QM3KNXK08ZGT
2025-11-27T22:26:39.134Z INFO  ade_api.features.auth.service [cid=a6575c43-3274-4634-9cde-f293f1f9bb30] auth.dev_identity.ensure.success user_id=01KB3PAN065656CT9G01WM9DE8 user_email=developer@example.test user_created=False is_service_account=False
2025-11-27T22:26:39.134Z DEBUG ade_api.features.workspaces.service [cid=a6575c43-3274-4634-9cde-f293f1f9bb30] workspace.profile.start workspace_id=01KB3PCJ608XP61TSQX5PREX1G user_id=01KB3PAN065656CT9G01WM9DE8
2025-11-27T22:26:39.202Z INFO  ade_api.request [cid=6dbb1330-9d01-4f2f-8e85-ab275b310499] request.complete path=/api/v1/permissions method=GET duration_ms=2637.33 status_code=422
2025-11-27T22:26:39.202Z INFO  uvicorn.access [cid=-] 127.0.0.1:44808 - "GET /api/v1/permissions?scope=global&page_size=200 HTTP/1.1" 422
2025-11-27T22:26:39.532Z DEBUG ade_api.features.roles.service [cid=a6575c43-3274-4634-9cde-f293f1f9bb30] roles.permissions.global.for_principal.start user_id=01KB3PAN065656CT9G01WM9DE8 principal_id=01KB3PAP03C0C2QM3KNXK08ZGT
2025-11-27T22:26:39.598Z DEBUG ade_api.features.roles.service [cid=a6575c43-3274-4634-9cde-f293f1f9bb30] roles.permissions.global.for_principal.success user_id=01KB3PAN065656CT9G01WM9DE8 principal_id=01KB3PAP03C0C2QM3KNXK08ZGT permission_count=9
2025-11-27T22:26:39.788Z INFO  ade_api.features.workspaces.service [cid=a6575c43-3274-4634-9cde-f293f1f9bb30] workspace.profile.global_admin workspace_id=01KB3PCJ608XP61TSQX5PREX1G user_id=01KB3PAN065656CT9G01WM9DE8 roles=['workspace-owner'] permissions=13
2025-11-27T22:26:39.790Z DEBUG ade_api.features.auth.service [cid=a6575c43-3274-4634-9cde-f293f1f9bb30] auth.dev_identity.ensure.start user_email=developer@example.test display_name=Development User
2025-11-27T22:26:40.663Z DEBUG ade_api.features.roles.service [cid=a6575c43-3274-4634-9cde-f293f1f9bb30] roles.global.get_by_slug.start slug=global-administrator
2025-11-27T22:26:40.729Z DEBUG ade_api.features.roles.service [cid=a6575c43-3274-4634-9cde-f293f1f9bb30] roles.global.get_by_slug.completed slug=global-administrator found=True
2025-11-27T22:26:40.817Z DEBUG ade_api.features.roles.service [cid=a6575c43-3274-4634-9cde-f293f1f9bb30] roles.assignments.assign_global.start user_id=01KB3PAN065656CT9G01WM9DE8 role_id=01KB3P9G0WG2PNEJSSGTG16S09
2025-11-27T22:26:40.818Z DEBUG ade_api.features.roles.service [cid=a6575c43-3274-4634-9cde-f293f1f9bb30] roles.principal.ensure.cached user_id=01KB3PAN065656CT9G01WM9DE8 principal_id=01KB3PAP03C0C2QM3KNXK08ZGT
2025-11-27T22:26:40.818Z DEBUG ade_api.features.roles.service [cid=a6575c43-3274-4634-9cde-f293f1f9bb30] roles.assignments.assign.start principal_id=01KB3PAP03C0C2QM3KNXK08ZGT role_id=01KB3P9G0WG2PNEJSSGTG16S09 scope_type=global scope_id=null
2025-11-27T22:26:40.940Z DEBUG ade_api.features.roles.service [cid=a6575c43-3274-4634-9cde-f293f1f9bb30] roles.assignments.assign.already_exists assignment_id=01KB3PAPGTKQ1XM0KYGJRFXM5N principal_id=01KB3PAP03C0C2QM3KNXK08ZGT role_id=01KB3P9G0WG2PNEJSSGTG16S09 scope_type=global scope_id=null
2025-11-27T22:26:40.941Z INFO  ade_api.features.roles.service [cid=a6575c43-3274-4634-9cde-f293f1f9bb30] roles.assignments.assign_global.success user_id=01KB3PAN065656CT9G01WM9DE8 assignment_id=01KB3PAPGTKQ1XM0KYGJRFXM5N principal_id=01KB3PAP03C0C2QM3KNXK08ZGT role_id=01KB3P9G0WG2PNEJSSGTG16S09
2025-11-27T22:26:40.941Z DEBUG ade_api.features.roles.service [cid=a6575c43-3274-4634-9cde-f293f1f9bb30] roles.principal.ensure.cached user_id=01KB3PAN065656CT9G01WM9DE8 principal_id=01KB3PAP03C0C2QM3KNXK08ZGT
2025-11-27T22:26:40.941Z INFO  ade_api.features.auth.service [cid=a6575c43-3274-4634-9cde-f293f1f9bb30] auth.dev_identity.ensure.success user_id=01KB3PAN065656CT9G01WM9DE8 user_email=developer@example.test user_created=False is_service_account=False
2025-11-27T22:26:41.071Z INFO  ade_api.request [cid=a6575c43-3274-4634-9cde-f293f1f9bb30] request.complete path=/api/v1/workspaces/01KB3PCJ608XP61TSQX5PREX1G/roles method=GET duration_ms=3333.64 status_code=422
2025-11-27T22:26:41.072Z INFO  uvicorn.access [cid=-] 127.0.0.1:44810 - "GET /api/v1/workspaces/01KB3PCJ608XP61TSQX5PREX1G/roles?page_size=200&include_total=true HTTP/1.1" 422